<?xml version="1.0" encoding="utf-8"?><testsuites name="pytest tests"><testsuite name="pytest" errors="0" failures="0" skipped="2" tests="1059" time="34.042" timestamp="2026-06-28T00:38:17.467461+08:00" hostname="Michelles-MacBook-Air.local"><properties>
[...]
</properties><testcase classname="tests.test_E20b.TestE20bCalibrationBaseline" name="test_experiment_registered" time="0.001" /><testcase classname="tests.test_E20b.TestE20bCalibrationBaseline" name="test_experiment_runs_and_passes" time="0.005" /><testcase classname="tests.test_E20b.TestE20bCalibrationBaseline" name="test_ece_reduction_positive" time="0.004" /><testcase classname="tests.test_E20b.TestE20bCalibrationBaseline" name="test_raw_data_has_20_concepts" time="0.004" /><testcase classname="tests.test_E21.TestE21HundredKStress" name="test_experiment_registered" time="0.000" /><testcase classname="tests.test_E21.TestE21HundredKStress" name="test_experiment_runs_and_produces_numbers" time="3.758" /><testcase classname="tests.test_E21.TestE21HundredKStress" name="test_metrics_are_positive" time="3.778" /><testcase classname="tests.test_E21.TestE21HundredKStress" name="test_raw_data_has_one_row" time="3.746" /><testcase classname="tests.test_E23.TestE23ContentionStress" name="test_registered" time="0.000" /><testcase classname="tests.test_E23.TestE23ContentionStress" name="test_experiment_runs_and_passes" time="0.094" /><testcase classname="tests.test_E23.TestE23ContentionStress" name="test_metrics" time="0.091" /><testcase classname="tests.test_E23.TestE23ContentionStress" name="test_raw_data_has_50_rows" time="0.092" /><testcase classname="tests.test_E23.TestE23ContentionStress" name="test_no_race_corruption" time="0.093" /><testcase classname="tests.test_action_executor.TestParseComparator" name="test_parses_all_enum_values" time="0.000" /><testcase classname="tests.test_action_executor.TestParseComparator" name="test_parses_uppercase" time="0.000" /><testcase classname="tests.test_action_executor.TestParseComparator" name="test_parses_with_whitespace" time="0.000" /><testcase classname="tests.test_action_executor.TestParsePreconditionRule" name="test_parses_basic_rule" time="0.000" /><testcase classname="tests.test_action_executor.TestParsePreconditionRule" name="test_parses_without_value" time="0.000" /><testcase classname="tests.test_action_executor.TestLoadActionDef" name="test_loads_full_definition" time="0.000" /><testcase classname="tests.test_action_executor.TestLoadActionDef" name="test_loads_minimal_definition" time="0.000" /><testcase classname="tests.test_action_executor.TestSideEffectResult" name="test_success" time="0.000" /><testcase classname="tests.test_action_executor.TestSideEffectResult" name="test_failure" time="0.000" /><testcase classname="tests.test_action_executor.TestSideEffectResult" name="test_default_detail" time="0.000" /><testcase classname="tests.test_action_executor.TestActionExecutorInit" name="test_loads_action_registry" time="0.014" /><testcase classname="tests.test_action_executor.TestActionExecutorInit" name="test_registers_default_effects" time="0.013" /><testcase classname="tests.test_action_executor.TestIntrospection" name="test_list_actions_sorted" time="0.013" /><testcase classname="tests.test_action_executor.TestIntrospection" name="test_get_action_def_known" time="0.013" /><testcase classname="tests.test_action_executor.TestIntrospection" name="test_get_action_def_unknown" time="0.013" /><testcase classname="tests.test_action_executor.TestIntrospection" name="test_list_side_effects_sorted" time="0.013" /><testcase classname="tests.test_action_executor.TestExecuteOne" name="test_unknown_action_fails" time="0.013" /><testcase classname="tests.test_action_executor.TestExecuteOne" name="test_missing_params_fails" time="0.013" /><testcase classname="tests.test_action_executor.TestExecuteOne" name="test_precondition_passes" time="0.013" /><testcase classname="tests.test_action_executor.TestExecuteOne" name="test_deprecate_only_on_validated" time="0.013" /><testcase classname="tests.test_action_executor.TestExecutePending" name="test_no_pending_actions" time="0.013" /><testcase classname="tests.test_action_executor.TestExecutePending" name="test_multiple_pending" time="0.014" /><testcase classname="tests.test_action_executor.TestValidateAction" name="test_unknown_action" time="0.013" /><testcase classname="tests.test_action_executor.TestValidateAction" name="test_missing_params" time="0.013" /><testcase classname="tests.test_action_executor.TestValidateAction" name="test_precondition_fail" time="0.013" /><testcase classname="tests.test_action_executor.TestValidateAction" name="test_all_pass" time="0.013" /><testcase classname="tests.test_action_executor.TestValidateAction" name="test_multiple_errors" time="0.013" /><testcase classname="tests.test_action_executor.TestApplyTransition" name="test_transition_null_skips" time="0.013" /><testcase classname="tests.test_action_executor.TestApplyTransition" name="test_transition_provisional_to_validated" time="0.013" /><testcase classname="tests.test_action_executor.TestApplyTransition" name="test_transition_deprecated_to_archived" time="0.013" /><testcase classname="tests.test_action_executor.TestApplyTransition" name="test_transition_invalid_status_name" time="0.013" /><testcase classname="tests.test_action_executor.TestApplyTransition" name="test_transition_malformed_string" time="0.013" /><testcase classname="tests.test_action_executor.TestRegisterEffect" name="test_registers_custom_effect" time="0.013" /><testcase classname="tests.test_action_executor.TestRegisterEffect" name="test_overrides_existing" time="0.013" /><testcase classname="tests.test_action_executor.TestPreconditionRule" name="test_eq_pass" time="0.000" /><testcase classname="tests.test_action_executor.TestPreconditionRule" name="test_eq_fail" time="0.000" /><testcase classname="tests.test_action_executor.TestPreconditionRule" name="test_neq_pass" time="0.000" /><testcase classname="tests.test_action_executor.TestPreconditionRule" name="test_gt_pass" time="0.000" /><testcase classname="tests.test_action_executor.TestPreconditionRule" name="test_gt_fail" time="0.000" /><testcase classname="tests.test_action_executor.TestPreconditionRule" name="test_gte_pass_equal" time="0.000" /><testcase classname="tests.test_action_executor.TestPreconditionRule" name="test_gte_pass_greater" time="0.000" /><testcase classname="tests.test_action_executor.TestPreconditionRule" name="test_lt_pass" time="0.000" /><testcase classname="tests.test_action_executor.TestPreconditionRule" name="test_lt_fail" time="0.000" /><testcase classname="tests.test_action_executor.TestPreconditionRule" name="test_lte_pass_equal" time="0.000" /><testcase classname="tests.test_action_executor.TestPreconditionRule" name="test_in_pass" time="0.000" /><testcase classname="tests.test_action_executor.TestPreconditionRule" name="test_in_fail" time="0.000" /><testcase classname="tests.test_action_executor.TestPreconditionRule" name="test_in_single_value" time="0.000" /><testcase classname="tests.test_action_executor.TestPreconditionRule" name="test_exists_pass" time="0.000" /><testcase classname="tests.test_action_executor.TestPreconditionRule" name="test_exists_fail" time="0.000" /><testcase classname="tests.test_action_executor.TestPreconditionRule" name="test_none_actual_comparison" time="0.000" /><testcase classname="tests.test_action_executor.TestEdgeCases" name="test_execute_one_with_empty_action_block_id" time="0.013" /><testcase classname="tests.test_action_executor.TestEdgeCases" name="test_state_mutation_after_execute" time="0.013" /><testcase classname="tests.test_action_executor.TestEdgeCases" name="test_failed_action_leaves_log" time="0.013" /><testcase classname="tests.test_action_executor.TestEdgeCases" name="test_event_chain_status_after_transition" time="0.013" /><testcase classname="tests.test_action_executor.TestCollusionResistance" name="test_validate_enforces_min_distinct_validators" time="0.013" /><testcase classname="tests.test_action_executor.TestCollusionResistance" name="test_validate_succeeds_with_enough_validators" time="0.013" /><testcase classname="tests.test_action_executor.TestCalibrationSideEffect" name="test_calibrate_action_updates_accuracy" time="0.015" /><testcase classname="tests.test_action_executor.TestCalibrationSideEffect" name="test_calibrate_action_rejects_invalid_observed_accuracy" time="0.013" /><testcase classname="tests.test_action_executor.TestCalibrationSideEffect" name="test_calibration_side_effect_directly" time="0.001" /><testcase classname="tests.test_adversarial.TestPayloadTampering" name="test_tampered_payload_detected" time="0.000" /><testcase classname="tests.test_adversarial.TestPayloadTampering" name="test_tampered_payload_with_hash_recomputation_still_detected" time="0.000" /><testcase classname="tests.test_adversarial.TestChainPoisoning" name="test_spam_detection_via_watcher" time="0.003" /><testcase classname="tests.test_adversarial.TestChainPoisoning" name="test_spam_does_not_break_integrity" time="0.006" /><testcase classname="tests.test_adversarial.TestForkBombing" name="test_many_forks_handled" time="0.017" /><testcase classname="tests.test_adversarial.TestForkBombing" name="test_prune_flag_for_old_forks" time="0.000" /><testcase classname="tests.test_adversarial.TestTimestampCollisions" name="test_same_timestamp_deterministic_ordering" time="0.000" /><testcase classname="tests.test_adversarial.TestTimestampCollisions" name="test_merge_preserves_determinism" time="0.000" /><testcase classname="tests.test_adversarial.TestSSACircumvention" name="test_creative_circumlocution_bypasses_ssa" time="0.000" /><testcase classname="tests.test_adversarial_boundary.TestBoundaryB2GenesisReplacement" name="test_genesis_replacement_with_valid_hashes_passes" time="0.000" /><testcase classname="tests.test_adversarial_boundary.TestBoundaryB2GenesisReplacement" name="test_genesis_replacement_different_status" time="0.000" /><testcase classname="tests.test_adversarial_boundary.TestBoundaryB3Impersonation" name="test_impersonation_without_signature_passes" time="0.000" /><testcase classname="tests.test_adversarial_boundary.TestBoundaryB3Impersonation" name="test_impersonation_increases_confidence" time="0.000" /><testcase classname="tests.test_adversarial_boundary.TestBoundaryB4TimestampBackdating" name="test_backdating_with_hash_recomputation_passes" time="0.000" /><testcase classname="tests.test_adversarial_boundary.TestBoundaryB4TimestampBackdating" name="test_backdating_changes_event_order" time="0.000" /><testcase classname="tests.test_adversarial_extended.TestMidChainInsertion" name="test_insert_event_at_middle_detected" time="0.000" /><testcase classname="tests.test_adversarial_extended.TestMidChainInsertion" name="test_insert_event_with_recomputed_hashes_detected_at_next_link" time="0.000" /><testcase classname="tests.test_adversarial_extended.TestMidChainInsertion" name="test_insert_event_without_recomputing_all_hashes_detected" time="0.000" /><testcase classname="tests.test_adversarial_extended.TestIdentitySpoofing" name="test_validate_by_unknown_actor_rejected_by_preconditions" time="0.013" /><testcase classname="tests.test_adversarial_extended.TestIdentitySpoofing" name="test_spoofing_detected_by_actor_audit" time="0.000" /><testcase classname="tests.test_adversarial_extended.TestForkDoubleCounting" name="test_same_validator_across_forks_no_double_count" time="0.001" /><testcase classname="tests.test_adversarial_extended.TestForkDoubleCounting" name="test_different_validators_across_forks_independent" time="0.000" /><testcase classname="tests.test_adversarial_extended.TestReplayAttackEnhanced" name="test_replay_with_hash_recomputation_detected" time="0.000" /><testcase classname="tests.test_adversarial_integrity.TestReorderingAttack" name="test_swap_two_events_detected" time="0.000" /><testcase classname="tests.test_adversarial_integrity.TestReplayAttack" name="test_replay_event_into_different_chain_detected" time="0.000" /><testcase classname="tests.test_adversarial_integrity.TestPayloadTampering" name="test_payload_modification_detected" time="0.000" /><testcase classname="tests.test_adversarial_integrity.TestPayloadTampering" name="test_payload_modification_with_hash_recomputation_still_detected" time="0.000" /><testcase classname="tests.test_adversarial_integrity.TestTimestampTampering" name="test_timestamp_modification_detected" time="0.000" /><testcase classname="tests.test_adversarial_integrity.TestTimestampTampering" name="test_timestamp_modification_with_hash_recomputation_still_detected" time="0.000" /><testcase classname="tests.test_adversarial_integrity.TestDeletionAttack" name="test_middle_event_deletion_detected" time="0.000" /><testcase classname="tests.test_adversarial_integrity.TestDeletionAttack" name="test_tail_event_deletion_detected" time="0.000" /><testcase classname="tests.test_aml_benchmark.TestAMLBenchmark" name="test_dataset_loaded" time="0.331" /><testcase classname="tests.test_aml_benchmark.TestAMLBenchmark" name="test_ground_truth_statistics" time="0.333" /><testcase classname="tests.test_aml_benchmark.TestAMLBenchmark" name="test_pattern_detection_precision_recall" time="0.334" /><testcase classname="tests.test_aml_dataset.TestAMLDataset" name="test_ensure_generates_thirty_three_concepts" time="0.001" /><testcase classname="tests.test_aml_dataset.TestAMLDataset" name="test_queries_count" time="0.001" /><testcase classname="tests.test_aml_dataset.TestAMLDataset" name="test_concept_files_validate" time="0.033" /><testcase classname="tests.test_aml_dataset.TestAMLDataset" name="test_index_all_populates_memory" time="0.054" /><testcase classname="tests.test_aml_dataset.TestAMLDataset" name="test_manifest_matches_topics" time="0.001" /><testcase classname="tests.test_aml_dataset.TestAMLDataset" name="test_queries_have_relevant_ids" time="0.001" /><testcase classname="tests.test_aml_dataset.TestAMLDataset" name="test_l3_only_queries_present" time="0.001" /><testcase classname="tests.test_aml_dataset.TestAMLDataset" name="test_queries_multi_label" time="0.001" /><testcase classname="tests.test_aml_production.TestAMLProductionEval" name="test_data_statistics" time="0.329" /><testcase classname="tests.test_aml_production.TestAMLProductionEval" name="test_class_discovery_precision_recall" time="0.412" /><testcase classname="tests.test_aml_production.TestAMLProductionEval" name="test_link_discovery" time="0.342" /><testcase classname="tests.test_aml_production.TestAMLProductionEval" name="test_summary_statistics" time="0.346" /><testcase classname="tests.test_anchor" name="test_anchor_idempotent" time="0.001" /><testcase classname="tests.test_anchor" name="test_verify_anchor" time="0.000" /><testcase classname="tests.test_anchor" name="test_verify_anchor_at_commit" time="0.001" /><testcase classname="tests.test_anchor" name="test_anchor_history" time="0.001" /><testcase classname="tests.test_archive.TestColdStorageArchive" name="test_verify_archive_missing_file" time="0.000" /><testcase classname="tests.test_archive.TestColdStorageArchive" name="test_unarchive_ignores_blank_lines" time="0.001" /><testcase classname="tests.test_archive.TestColdStorageArchive" name="test_archive_migrates_events" time="0.002" /><testcase classname="tests.test_archive.TestColdStorageArchive" name="test_unarchive_reconstructs_events" time="0.003" /><testcase classname="tests.test_archive.TestColdStorageArchive" name="test_verify_integrity_full_passes" time="0.003" /><testcase classname="tests.test_archive.TestColdStorageArchive" name="test_corrupt_archive_breaks_verification" time="0.002" /><testcase classname="tests.test_archive.TestColdStorageArchive" name="test_verify_integrity_without_full_skips_archive" time="0.002" /><testcase classname="tests.test_archive.TestColdStorageArchive" name="test_archive_nothing_to_archive" time="0.001" /><testcase classname="tests.test_archive.TestColdStorageArchive" name="test_verify_archive_static" time="0.002" /><testcase classname="tests.test_archive.TestColdStorageArchive" name="test_unarchive_file_not_found" time="0.001" /><testcase classname="tests.test_archive.TestColdStorageArchive" name="test_event_chain_archive_wrapper" time="0.002" /><testcase classname="tests.test_archive.TestColdStorageArchive" name="test_archive_subchain_integrity" time="0.003" /><testcase classname="tests.test_archive.TestColdStorageArchive" name="test_cross_link_integrity" time="0.002" /><testcase classname="tests.test_archive.TestColdStorageArchive" name="test_keep_last_n_zero" time="0.001" /><testcase classname="tests.test_archive.TestColdStorageArchive" name="test_multiple_archives" time="0.003" /><testcase classname="tests.test_archive.TestColdStorageArchive" name="test_verify_integrity_gap_without_archive" time="0.000" /><testcase classname="tests.test_archive.TestColdStorageArchive" name="test_verify_integrity_cross_link_failure" time="0.002" /><testcase classname="tests.test_baseline_comparison.TestBaselineComparison" name="test_authoring_verbosity" time="0.000" /><testcase classname="tests.test_baseline_comparison.TestBaselineComparison" name="test_syntax_validity" time="0.007" /><testcase classname="tests.test_baseline_comparison.TestBaselineComparison" name="test_referential_consistency_sweep" time="0.002" /><testcase classname="tests.test_baseline_comparison.TestBaselineComparison" name="test_audit_trail_comparison" time="0.002" /><testcase classname="tests.test_baseline_comparison.TestBaselineComparison" name="test_comparison_summary" time="0.002" /><testcase classname="tests.test_benchmarks" name="test_benchmark_event_append_1k" time="1.999" /><testcase classname="tests.test_benchmarks" name="test_benchmark_event_append_10k" time="1.500" /><testcase classname="tests.test_benchmarks" name="test_benchmark_chain_integrity" time="1.011" /><testcase classname="tests.test_benchmarks" name="test_benchmark_crdt_merge_500" time="0.725" /><testcase classname="tests.test_benchmarks" name="test_benchmark_parse_10_concepts" time="0.459" /><testcase classname="tests.test_benchmarks" name="test_benchmark_parse_50_concepts" time="0.930" /><testcase classname="tests.test_benchmarks" name="test_benchmark_memory_store_100" time="1.019" /><testcase classname="tests.test_benchmarks" name="test_benchmark_consensus_transition" time="1.026" /><testcase classname="tests.test_calibration" name="test_calibration_profile_defaults" time="0.000" /><testcase classname="tests.test_calibration" name="test_calibration_profile_clamping" time="0.000" /><testcase classname="tests.test_calibration" name="test_calibrated_confidence_single_actor" time="0.001" /><testcase classname="tests.test_calibration" name="test_calibrated_confidence_multiple_actors" time="0.001" /><testcase classname="tests.test_calibration" name="test_unknown_actor_default_accuracy" time="0.000" /><testcase classname="tests.test_calibration" name="test_no_validate_events" time="0.000" /><testcase classname="tests.test_calibration" name="test_event_chain_calibrated_confidence" time="0.001" /><testcase classname="tests.test_calibration" name="test_event_type_calibrate_exists" time="0.000" /><testcase classname="tests.test_calibration" name="test_ewma_confidence_single_event" time="0.000" /><testcase classname="tests.test_calibration" name="test_ewma_confidence_no_validate" time="0.000" /><testcase classname="tests.test_calibration" name="test_ewma_confidence_time_decay" time="0.000" /><testcase classname="tests.test_calibration" name="test_ewma_confidence_alpha_high" time="0.000" /><testcase classname="tests.test_calibration" name="test_ewma_confidence_per_actor_max" time="0.000" /><testcase classname="tests.test_calibration" name="test_context_calibrated_confidence_basic" time="0.001" /><testcase classname="tests.test_calibration" name="test_context_calibrated_fallback_to_global" time="0.001" /><testcase classname="tests.test_calibration" name="test_band_calibrated_confidence_low_band" time="0.000" /><testcase classname="tests.test_calibration" name="test_band_calibrated_confidence_high_band" time="0.000" /><testcase classname="tests.test_calibration" name="test_band_calibrated_confidence_with_calibrator" time="0.001" /><testcase classname="tests.test_calibration" name="test_band_calibrated_confidence_multiple_actors" time="0.000" /><testcase classname="tests.test_calibration" name="test_event_chain_ewma_confidence" time="0.000" /><testcase classname="tests.test_calibration" name="test_event_chain_context_calibrated" time="0.001" /><testcase classname="tests.test_calibration" name="test_event_chain_band_calibrated" time="0.000" /><testcase classname="tests.test_calibration" name="test_yaml_persistence" time="0.001" /><testcase classname="tests.test_calibration" name="test_yaml_persistence_with_context" time="0.002" /><testcase classname="tests.test_calibration" name="test_yaml_load_missing_file" time="0.000" /><testcase classname="tests.test_calibration" name="test_update_accuracy_ewma_smooths_over_time" time="0.001" /><testcase classname="tests.test_calibration" name="test_apply_calibration_event_updates_profile" time="0.001" /><testcase classname="tests.test_calibration" name="test_apply_calibration_event_rejects_non_calibrate" time="0.000" /><testcase classname="tests.test_calibration" name="test_update_from_feedback_computes_observed_accuracy" time="0.001" /><testcase classname="tests.test_calibration" name="test_update_from_feedback_clamps_negative" time="0.001" /><testcase classname="tests.test_canonicalization.TestCanonicalizationEngine" name="test_find_clusters" time="0.033" /><testcase classname="tests.test_canonicalization.TestCanonicalizationEngine" name="test_propose_and_generate_actions" time="0.001" /><testcase classname="tests.test_canonicalization.TestCanonicalizationEngine" name="test_normalize_dry_run" time="0.014" /><testcase classname="tests.test_cli.TestDefaultStatePath" name="test_with_db_path" time="0.000" /><testcase classname="tests.test_cli.TestDefaultStatePath" name="test_with_db_path_json_extension" time="0.000" /><testcase classname="tests.test_cli.TestDefaultStatePath" name="test_without_db_path" time="0.000" /><testcase classname="tests.test_cli.TestLoadSaveEngine" name="test_load_engine_nonexistent_path" time="0.001" /><testcase classname="tests.test_cli.TestLoadSaveEngine" name="test_save_and_load_engine_roundtrip" time="0.001" /><testcase classname="tests.test_cli.TestLoadSaveEngine" name="test_load_engine_with_event_data" time="0.001" /><testcase classname="tests.test_cli.TestCmdParse" name="test_parse_text_output" time="0.003" /><testcase classname="tests.test_cli.TestCmdParse" name="test_parse_json_output" time="0.003" /><testcase classname="tests.test_cli.TestCmdParse" name="test_parse_nonexistent_file" time="0.003" /><testcase classname="tests.test_cli.TestCmdParse" name="test_parse_invalid_file" time="0.002" /><testcase classname="tests.test_cli.TestCmdValidate" name="test_validate_valid_file" time="0.003" /><testcase classname="tests.test_cli.TestCmdValidate" name="test_validate_multiple_files" time="0.003" /><testcase classname="tests.test_cli.TestCmdValidate" name="test_validate_invalid_file" time="0.003" /><testcase classname="tests.test_cli.TestCmdStore" name="test_store_document" time="0.006" /><testcase classname="tests.test_cli.TestCmdStore" name="test_store_nonexistent_file" time="0.002" /><testcase classname="tests.test_cli.TestCmdRelated" name="test_related_no_results" time="0.004" /><testcase classname="tests.test_cli.TestCmdRelated" name="test_related_with_stored_doc" time="0.009" /><testcase classname="tests.test_cli.TestCmdConsensusRegister" name="test_register_with_file" time="0.003" /><testcase classname="tests.test_cli.TestCmdConsensusRegister" name="test_register_with_adl_id" time="0.003" /><testcase classname="tests.test_cli.TestCmdConsensusRegister" name="test_register_already_registered" time="0.004" /><testcase classname="tests.test_cli.TestCmdConsensusRegister" name="test_register_no_file_no_adl_id" time="0.003" /><testcase classname="tests.test_cli.TestCmdConsensusRegister" name="test_register_invalid_file" time="0.002" /><testcase classname="tests.test_cli.TestCmdConsensusRegister" name="test_register_default_state_path" time="0.003" /><testcase classname="tests.test_cli.TestCmdConsensusTransition" name="test_transition_success" time="0.005" /><testcase classname="tests.test_cli.TestCmdConsensusTransition" name="test_transition_invalid_status" time="0.005" /><testcase classname="tests.test_cli.TestCmdConsensusTransition" name="test_transition_invalid_transition" time="0.006" /><testcase classname="tests.test_cli.TestCmdConsensusTransition" name="test_transition_unregistered_concept" time="0.002" /><testcase classname="tests.test_cli.TestCmdConsensusVerify" name="test_verify_success" time="0.004" /><testcase classname="tests.test_cli.TestCmdConsensusVerify" name="test_verify_not_registered" time="0.002" /><testcase classname="tests.test_cli.TestCmdOntologyQuery" name="test_query_text_output" time="0.015" /><testcase classname="tests.test_cli.TestCmdOntologyQuery" name="test_query_json_output" time="0.015" /><testcase classname="tests.test_cli.TestCmdOntologyQuery" name="test_query_with_predicate" time="0.015" /><testcase classname="tests.test_cli.TestCmdOntologyQuery" name="test_query_with_from_status" time="0.015" /><testcase classname="tests.test_cli.TestCmdOntologyQuery" name="test_query_with_transition_check" time="0.015" /><testcase classname="tests.test_cli.TestCmdOntologyQuery" name="test_query_with_invalid_ontology_path" time="0.002" /><testcase classname="tests.test_cli.TestCmdOntologyValidate" name="test_validate_no_files" time="0.016" /><testcase classname="tests.test_cli.TestCmdOntologyValidate" name="test_validate_with_valid_file" time="0.016" /><testcase classname="tests.test_cli.TestCmdOntologyValidate" name="test_validate_with_invalid_ontology" time="0.002" /><testcase classname="tests.test_cli.TestCmdAnchor" name="test_anchor_no_chains" time="0.002" /><testcase classname="tests.test_cli.TestCmdAnchor" name="test_anchor_with_chains" time="0.005" /><testcase classname="tests.test_cli.TestCmdAnchor" name="test_anchor_merkle_with_proofs" time="0.005" /><testcase classname="tests.test_cli.TestCmdAnchor" name="test_verify_anchor_mismatch_no_chains" time="0.006" /><testcase classname="tests.test_cli.TestCmdAnchor" name="test_verify_anchor_not_found" time="0.002" /><testcase classname="tests.test_cli.TestCmdAnchor" name="test_verify_anchor_mismatch" time="0.002" /><testcase classname="tests.test_cli.TestCmdVerifyInclusion" name="test_verify_inclusion_not_registered" time="0.003" /><testcase classname="tests.test_cli.TestCmdVerifyInclusion" name="test_verify_inclusion_proof_not_found" time="0.004" /><testcase classname="tests.test_cli.TestCmdNormalize" name="test_normalize_nonexistent_dir" time="0.003" /><testcase classname="tests.test_cli.TestCmdNormalize" name="test_normalize_missing_deps" time="0.003" /><testcase classname="tests.test_cli.TestBuildParser" name="test_parser_has_all_subcommands" time="0.002" /><testcase classname="tests.test_cli.TestBuildParser" name="test_parser_parse_subcommand" time="0.002" /><testcase classname="tests.test_cli.TestBuildParser" name="test_parser_validate_subcommand" time="0.002" /><testcase classname="tests.test_cli.TestBuildParser" name="test_parser_store_subcommand" time="0.002" /><testcase classname="tests.test_cli.TestMainDefaultState" name="test_main_sets_default_state_for_consensus" time="0.003" /><testcase classname="tests.test_cli.TestMainDefaultState" name="test_main_no_command_raises" time="0.002" /><testcase classname="tests.test_cli_internal.TestCliParse" name="test_parse_text" time="0.001" /><testcase classname="tests.test_cli_internal.TestCliParse" name="test_parse_json" time="0.002" /><testcase classname="tests.test_cli_internal.TestCliParse" name="test_parse_missing_file" time="0.000" /><testcase classname="tests.test_cli_internal.TestCliValidate" name="test_validate_ok" time="0.001" /><testcase classname="tests.test_cli_internal.TestCliValidate" name="test_validate_multiple_files" time="0.006" /><testcase classname="tests.test_cli_internal.TestCliValidate" name="test_validate_fail" time="0.001" /><testcase classname="tests.test_cli_internal.TestCliValidate" name="test_validate_strict_unknown_predicate" time="0.001" /><testcase classname="tests.test_cli_internal.TestCliStoreRelated" name="test_store_and_related" time="0.005" /><testcase classname="tests.test_cli_internal.TestCliStoreRelated" name="test_store_missing_file" time="0.000" /><testcase classname="tests.test_cli_internal.TestCliStoreRelated" name="test_related_empty_db" time="0.003" /><testcase classname="tests.test_cli_internal.TestCliConsensus" name="test_register_by_path" time="0.002" /><testcase classname="tests.test_cli_internal.TestCliConsensus" name="test_register_by_adl_id" time="0.001" /><testcase classname="tests.test_cli_internal.TestCliConsensus" name="test_register_neither_path_nor_id" time="0.000" /><testcase classname="tests.test_cli_internal.TestCliConsensus" name="test_transition_and_verify" time="0.003" /><testcase classname="tests.test_cli_internal.TestCliConsensus" name="test_transition_unregistered" time="0.001" /><testcase classname="tests.test_cli_internal.TestCliOntology" name="test_ontology_validate_yaml_only" time="0.013" /><testcase classname="tests.test_cli_internal.TestCliOntology" name="test_ontology_validate_with_files" time="0.014" /><testcase classname="tests.test_cli_internal.TestCliOntology" name="test_ontology_validate_strict_fail" time="0.014" /><testcase classname="tests.test_cli_internal.TestCliOntology" name="test_ontology_query" time="0.013" /><testcase classname="tests.test_cli_internal.TestCliOntology" name="test_ontology_query_json" time="0.013" /><testcase classname="tests.test_consensus_forks.TestForkManagerResolution" name="test_merge_when_high_similarity" time="0.000" /><testcase classname="tests.test_consensus_forks.TestForkManagerResolution" name="test_parallel_when_low_similarity" time="0.000" /><testcase classname="tests.test_consensus_forks.TestForkManagerResolution" name="test_prune_when_idle_and_old" time="0.000" /><testcase classname="tests.test_consensus_forks.TestForkManagerResolution" name="test_no_prune_without_access_record" time="0.000" /><testcase classname="tests.test_consensus_forks.TestConsensusEngineForks" name="test_fork_marks_original_and_creates_chain" time="0.002" /><testcase classname="tests.test_consensus_forks.TestConsensusEngineForks" name="test_fork_tree_registration" time="0.001" /><testcase classname="tests.test_consensus_forks.TestConsensusEngineForks" name="test_merge_path_transitions_fork_to_validated" time="0.001" /><testcase classname="tests.test_consensus_forks.TestConsensusEngineForks" name="test_parallel_path_keeps_both_active" time="0.001" /><testcase classname="tests.test_consensus_forks.TestConsensusEngineForks" name="test_prune_path_archives_stale_fork" time="0.001" /><testcase classname="tests.test_consensus_forks.TestConsensusEngineForks" name="test_example_files_parse_cleanly" time="0.002" /><testcase classname="tests.test_crdt_adversarial.TestCRDTConcurrentWrites" name="test_concurrent_conflicting_validates_merge_to_validated" time="0.000" /><testcase classname="tests.test_crdt_adversarial.TestCRDTConcurrentWrites" name="test_concurrent_validate_and_deprecate_merge_to_deprecated" time="0.000" /><testcase classname="tests.test_crdt_adversarial.TestCRDTConcurrentWrites" name="test_concurrent_conflicting_evidence_accumulates" time="0.000" /><testcase classname="tests.test_crdt_adversarial.TestCRDTReplayResistance" name="test_replayed_validate_does_not_inflate_confidence" time="0.000" /><testcase classname="tests.test_crdt_adversarial.TestCRDTPoisonedMerge" name="test_merge_with_empty_state_is_identity" time="0.000" /><testcase classname="tests.test_crdt_adversarial.TestCRDTPoisonedMerge" name="test_merge_does_not_lose_progress" time="0.000" /><testcase classname="tests.test_crdt_adversarial.TestCRDTStatusRegression" name="test_status_regression_rejected" time="0.000" /><testcase classname="tests.test_crdt_adversarial.TestCRDTStatusRegression" name="test_deprecate_after_validate_allowed" time="0.000" /><testcase classname="tests.test_crdt_proofs.TestCRDTConvergence" name="test_commutativity" time="0.000" /><testcase classname="tests.test_crdt_proofs.TestCRDTConvergence" name="test_associativity" time="0.000" /><testcase classname="tests.test_crdt_proofs.TestCRDTConvergence" name="test_idempotence" time="0.000" /><testcase classname="tests.test_crdt_proofs.TestCRDTConvergence" name="test_monotonicity" time="0.000" /><testcase classname="tests.test_crdt_proofs.TestCRDTConvergence" name="test_convergence_under_partition" time="0.000" /><testcase classname="tests.test_crdt_proofs.TestCRDTConvergence" name="test_multi_way_merge" time="0.000" /><testcase classname="tests.test_crdt_proofs.TestCRDTState" name="test_default_is_provisional" time="0.000" /><testcase classname="tests.test_crdt_proofs.TestCRDTState" name="test_status_order" time="0.000" /><testcase classname="tests.test_crdt_proofs.TestCRDTState" name="test_merge_lub_for_status" time="0.000" /><testcase classname="tests.test_crdt_proofs.TestCRDTState" name="test_merge_empty_is_neutral" time="0.000" /><testcase classname="tests.test_crdt_proofs.TestCRDTState" name="test_apply_event_validate" time="0.000" /><testcase classname="tests.test_crdt_proofs.TestCRDTState" name="test_apply_event_evidence" time="0.000" /><testcase classname="tests.test_crdt_proofs.TestCRDTState" name="test_apply_event_status_regression_prevented" time="0.000" /><testcase classname="tests.test_crdt_proofs.TestCRDTState" name="test_into_dict_roundtrip" time="0.000" /><testcase classname="tests.test_crdt_proofs.TestCRDTState" name="test_from_chain" time="0.000" /><testcase classname="tests.test_crdt_proofs.TestEventChainCRDTSemantics" name="test_confidence_g_counter_max" time="0.000" /><testcase classname="tests.test_crdt_proofs.TestEventChainCRDTSemantics" name="test_status_lub_deprecated_dominates_validate" time="0.000" /><testcase classname="tests.test_crdt_proofs.TestEventChainCRDTSemantics" name="test_status_lub_archived_dominates_all" time="0.000" /><testcase classname="tests.test_crdt_proofs.TestEventChainCRDTSemantics" name="test_confidence_max_with_snapshot" time="0.000" /><testcase classname="tests.test_crdt_proofs.TestEventChainCRDTSemantics" name="test_status_provisional_by_default" time="0.000" /><testcase classname="tests.test_crdt_proofs.TestEventChainCRDTSemantics" name="test_confidence_zero_with_no_validate" time="0.000" /><testcase classname="tests.test_crdt_proofs.TestCRDTMergeSemantics" name="test_merge_validated_plus_deprecated" time="0.000" /><testcase classname="tests.test_crdt_proofs.TestCRDTMergeSemantics" name="test_merge_archived_dominates_all" time="0.000" /><testcase classname="tests.test_crdt_proofs.TestCRDTConcurrency" name="test_concurrent_validates_preserve_g_counter" time="0.000"><skipped type="pytest.skip" message="pytest + threading.Join() deadlock on macOS; lock safety covered by test_models.py">/Users/michelleye/Documents/Allen's files/adl-lite/tests/test_crdt_proofs.py:296: pytest + threading.Join() deadlock on macOS; lock safety covered by test_models.py</skipped></testcase><testcase classname="tests.test_data_importer.TestImportCsv" name="test_basic_import" time="0.001" /><testcase classname="tests.test_data_importer.TestImportCsv" name="test_import_with_prefix" time="0.001" /><testcase classname="tests.test_data_importer.TestImportCsv" name="test_import_with_actor_field" time="0.001" /><testcase classname="tests.test_data_importer.TestImportCsv" name="test_import_with_timestamp_field" time="0.001" /><testcase classname="tests.test_data_importer.TestImportCsv" name="test_import_preserves_payload" time="0.001" /><testcase classname="tests.test_data_importer.TestImportCsv" name="test_import_empty_csv" time="0.001" /><testcase classname="tests.test_data_importer.TestImportCsv" name="test_import_simple" time="0.001" /><testcase classname="tests.test_data_importer.TestImportCsv" name="test_import_missing_concept_id" time="0.001" /><testcase classname="tests.test_data_importer.TestImportJsonEvents" name="test_basic_import" time="0.001" /><testcase classname="tests.test_data_importer.TestImportJsonEvents" name="test_import_empty_file" time="0.001" /><testcase classname="tests.test_data_importer.TestImportJsonEvents" name="test_import_skips_blank_lines" time="0.001" /><testcase classname="tests.test_data_importer.TestDiscoverClasses" name="test_discovers_from_id_fields" time="0.001" /><testcase classname="tests.test_data_importer.TestDiscoverClasses" name="test_custom_id_pattern" time="0.001" /><testcase classname="tests.test_data_importer.TestDiscoverClasses" name="test_no_id_fields" time="0.001" /><testcase classname="tests.test_data_importer.TestDiscoverLinks" name="test_discovers_links" time="0.001" /><testcase classname="tests.test_data_importer.TestDiscoverLinks" name="test_no_links_without_id_fields" time="0.001" /><testcase classname="tests.test_data_importer.TestDiscoverLinks" name="test_threshold_filtering" time="0.001" /><testcase classname="tests.test_data_importer.TestSummary" name="test_summary_statistics" time="0.001" /><testcase classname="tests.test_data_importer.TestSummary" name="test_summary_empty" time="0.000" /><testcase classname="tests.test_demo_pipeline" name="test_scripted_pipeline_end_to_end" time="0.198" /><testcase classname="tests.test_demo_pipeline" name="test_scripted_pipeline_default_mode" time="0.188" /><testcase classname="tests.test_demo_pipeline" name="test_scripted_sim_mode" time="0.200" /><testcase classname="tests.test_demo_pipeline" name="test_llm_skips_without_api_key" time="0.182" /><testcase classname="tests.test_demo_pipeline" name="test_shell_wrapper" time="0.000"><skipped type="pytest.skip" message="Bundled Python pydantic_core code-signing issue">/Users/michelleye/Documents/Allen's files/adl-lite/tests/test_demo_pipeline.py:83: Bundled Python pydantic_core code-signing issue</skipped></testcase><testcase classname="tests.test_did_integration" name="test_create_and_resolve_did_key" time="0.002" /><testcase classname="tests.test_did_integration" name="test_resolve_did_key_invalid_prefix" time="0.000" /><testcase classname="tests.test_did_integration" name="test_is_did" time="0.000" /><testcase classname="tests.test_did_integration" name="test_resolve_did_web_with_jwk" time="0.001" /><testcase classname="tests.test_did_integration" name="test_verify_did_signature_valid" time="0.001" /><testcase classname="tests.test_did_integration" name="test_verify_did_signature_invalid" time="0.000" /><testcase classname="tests.test_did_integration" name="test_default_resolver_dispatch" time="0.000" /><testcase classname="tests.test_did_integration" name="test_resolve_did_convenience" time="0.000" /><testcase classname="tests.test_did_integration" name="test_key_registry_resolve_did" time="0.001" /><testcase classname="tests.test_did_integration" name="test_key_registry_verify_did_signature" time="0.001" /><testcase classname="tests.test_did_integration" name="test_key_registry_legacy_actor_still_works" time="0.001" /><testcase classname="tests.test_did_integration" name="test_sign_and_verify_event_proof" time="0.001" /><testcase classname="tests.test_did_integration" name="test_event_proof_integrity_in_chain" time="0.001" /><testcase classname="tests.test_did_integration" name="test_known_did_key_vector" time="0.000" /><testcase classname="tests.test_did_resolver.TestBase58btc" name="test_encode_decode_roundtrip" time="0.000" /><testcase classname="tests.test_did_resolver.TestBase58btc" name="test_encode_empty_bytes" time="0.000" /><testcase classname="tests.test_did_resolver.TestBase58btc" name="test_encode_all_zeros" time="0.000" /><testcase classname="tests.test_did_resolver.TestBase58btc" name="test_encode_single_byte" time="0.000" /><testcase classname="tests.test_did_resolver.TestBase58btc" name="test_decode_empty_string" time="0.000" /><testcase classname="tests.test_did_resolver.TestBase58btc" name="test_decode_leading_zeros" time="0.000" /><testcase classname="tests.test_did_resolver.TestBase58btc" name="test_roundtrip_32_byte_key" time="0.000" /><testcase classname="tests.test_did_resolver.TestBase58btc" name="test_roundtrip_with_multicodec_prefix" time="0.000" /><testcase classname="tests.test_did_resolver.TestResolveDidKeyErrors" name="test_not_did_key_prefix" time="0.000" /><testcase classname="tests.test_did_resolver.TestResolveDidKeyErrors" name="test_invalid_format_no_z_prefix" time="0.000" /><testcase classname="tests.test_did_resolver.TestResolveDidKeyErrors" name="test_wrong_multicodec_prefix" time="0.000" /><testcase classname="tests.test_did_resolver.TestResolveDidKeyErrors" name="test_wrong_key_length" time="0.000" /><testcase classname="tests.test_did_resolver.TestCreateDidKey" name="test_create_and_resolve_roundtrip" time="0.000" /><testcase classname="tests.test_did_resolver.TestCreateDidKey" name="test_create_did_key_deterministic" time="0.000" /><testcase classname="tests.test_did_resolver.TestParseDidWeb" name="test_simple_domain" time="0.000" /><testcase classname="tests.test_did_resolver.TestParseDidWeb" name="test_domain_with_path" time="0.000" /><testcase classname="tests.test_did_resolver.TestParseDidWeb" name="test_url_encoded_domain" time="0.000" /><testcase classname="tests.test_did_resolver.TestParseDidWeb" name="test_not_did_web" time="0.000" /><testcase classname="tests.test_did_resolver.TestDecodeJwk" name="test_decode_ed25519_jwk" time="0.000" /><testcase classname="tests.test_did_resolver.TestDecodeJwk" name="test_decode_secp256k1_jwk" time="0.000" /><testcase classname="tests.test_did_resolver.TestDecodeJwk" name="test_decode_unsupported_jwk" time="0.000" /><testcase classname="tests.test_did_resolver.TestDecodeJwk" name="test_decode_missing_kty" time="0.000" /><testcase classname="tests.test_did_resolver.TestVmFromDidDocEntry" name="test_public_key_multibase_ed25519" time="0.000" /><testcase classname="tests.test_did_resolver.TestVmFromDidDocEntry" name="test_public_key_multibase_secp256k1" time="0.000" /><testcase classname="tests.test_did_resolver.TestVmFromDidDocEntry" name="test_public_key_base58" time="0.000" /><testcase classname="tests.test_did_resolver.TestVmFromDidDocEntry" name="test_public_key_hex" time="0.000" /><testcase classname="tests.test_did_resolver.TestVmFromDidDocEntry" name="test_public_key_jwk" time="0.000" /><testcase classname="tests.test_did_resolver.TestVmFromDidDocEntry" name="test_no_recognized_key_format" time="0.000" /><testcase classname="tests.test_did_resolver.TestVmFromDidDocEntry" name="test_empty_entry" time="0.000" /><testcase classname="tests.test_did_resolver.TestResolveDidWebErrors" name="test_network_failure_raises_runtime_error" time="0.000" /><testcase classname="tests.test_did_resolver.TestResolveDidWebErrors" name="test_id_mismatch_raises_value_error" time="0.001" /><testcase classname="tests.test_did_resolver.TestResolveDidWebErrors" name="test_no_supported_verification_methods" time="0.001" /><testcase classname="tests.test_did_resolver.TestResolveDidWebErrors" name="test_resolve_with_multibase_key" time="0.001" /><testcase classname="tests.test_did_resolver.TestResolveDidWebErrors" name="test_assertion_method_as_dict" time="0.000" /><testcase classname="tests.test_did_resolver.TestResolveDidWebErrors" name="test_resolve_with_path" time="0.001" /><testcase classname="tests.test_did_resolver.TestResolveDidEthr" name="test_address_only_did" time="0.000" /><testcase classname="tests.test_did_resolver.TestResolveDidEthr" name="test_did_with_chain_id" time="0.000" /><testcase classname="tests.test_did_resolver.TestResolveDidEthr" name="test_invalid_address" time="0.000" /><testcase classname="tests.test_did_resolver.TestResolveDidEthr" name="test_not_did_ethr" time="0.000" /><testcase classname="tests.test_did_resolver.TestResolveDidEthr" name="test_with_rpc_url_owner_match" time="0.000" /><testcase classname="tests.test_did_resolver.TestResolveDidEthr" name="test_with_rpc_url_owner_mismatch" time="0.000" /><testcase classname="tests.test_did_resolver.TestResolveDidEthr" name="test_with_rpc_url_registry_error" time="0.000" /><testcase classname="tests.test_did_resolver.TestDIDResolver" name="test_resolve_did_key" time="0.000" /><testcase classname="tests.test_did_resolver.TestDIDResolver" name="test_register_custom_resolver" time="0.000" /><testcase classname="tests.test_did_resolver.TestDIDResolver" name="test_unsupported_method" time="0.000" /><testcase classname="tests.test_did_resolver.TestDIDResolver" name="test_malformed_did_no_method" time="0.000" /><testcase classname="tests.test_did_resolver.TestDIDResolver" name="test_not_a_did" time="0.000" /><testcase classname="tests.test_did_resolver.TestDIDResolver" name="test_resolve_did_convenience" time="0.000" /><testcase classname="tests.test_did_resolver.TestIsDid" name="test_valid_did_key" time="0.000" /><testcase classname="tests.test_did_resolver.TestIsDid" name="test_valid_did_web" time="0.000" /><testcase classname="tests.test_did_resolver.TestIsDid" name="test_valid_did_ethr" time="0.000" /><testcase classname="tests.test_did_resolver.TestIsDid" name="test_not_a_string" time="0.000" /><testcase classname="tests.test_did_resolver.TestIsDid" name="test_does_not_start_with_did" time="0.000" /><testcase classname="tests.test_did_resolver.TestIsDid" name="test_unsupported_method" time="0.000" /><testcase classname="tests.test_did_resolver.TestIsDid" name="test_too_few_parts" time="0.000" /><testcase classname="tests.test_did_resolver.TestVerifyDidSignature" name="test_verify_did_key_valid" time="0.000" /><testcase classname="tests.test_did_resolver.TestVerifyDidSignature" name="test_verify_did_key_invalid" time="0.000" /><testcase classname="tests.test_did_resolver.TestVerifyDidSignature" name="test_verify_did_web_ed25519_valid" time="0.001" /><testcase classname="tests.test_did_resolver.TestVerifyDidSignature" name="test_verify_did_web_invalid_signature" time="0.001" /><testcase classname="tests.test_did_resolver.TestVerifyDidSignature" name="test_verify_did_web_no_assertion_method" time="0.000" /><testcase classname="tests.test_did_resolver.TestVerifyDidSignature" name="test_verify_unsupported_method_returns_false" time="0.000" /><testcase classname="tests.test_did_resolver.TestEd25519PublicKeyFromDoc" name="test_valid_ed25519_doc" time="0.000" /><testcase classname="tests.test_did_resolver.TestEd25519PublicKeyFromDoc" name="test_no_usable_assertion_method" time="0.000" /><testcase classname="tests.test_did_resolver.TestEd25519PublicKeyFromDoc" name="test_wrong_key_type" time="0.000" /><testcase classname="tests.test_did_resolver.TestDIDDocumentKeyForPurpose" name="test_key_for_assertion_method" time="0.000" /><testcase classname="tests.test_did_resolver.TestDIDDocumentKeyForPurpose" name="test_key_for_other_purpose" time="0.000" /><testcase classname="tests.test_did_resolver.TestDIDDocumentKeyForPurpose" name="test_key_for_purpose_empty_assertion" time="0.000" /><testcase classname="tests.test_did_resolver.TestDIDDocumentKeyForPurpose" name="test_key_for_purpose_no_vms" time="0.000" /><testcase classname="tests.test_did_resolver.TestDIDDocumentKeyForPurpose" name="test_key_for_purpose_assertion_id_not_in_vms" time="0.000" /><testcase classname="tests.test_did_resolver.TestVerifySecp256k1Signature" name="test_import_error_when_no_deps" time="0.001" /><testcase classname="tests.test_did_resolver.TestVerifyEthrSignature" name="test_wrong_signature_length" time="0.000" /><testcase classname="tests.test_did_resolver.TestVerifyEthrSignature" name="test_invalid_address" time="0.000" /><testcase classname="tests.test_did_resolver.TestVerifyEthrSignature" name="test_verify_did_signature_ethr_no_deps" time="0.000" /><testcase classname="tests.test_distributed.TestConcurrentAppends" name="test_n_agents_concurrent[10]" time="0.004" /><testcase classname="tests.test_distributed.TestConcurrentAppends" name="test_n_agents_concurrent[50]" time="0.013" /><testcase classname="tests.test_distributed.TestConcurrentAppends" name="test_n_agents_concurrent[100]" time="0.025" /><testcase classname="tests.test_distributed.TestNetworkPartition" name="test_partition_then_merge[10]" time="0.005" /><testcase classname="tests.test_distributed.TestNetworkPartition" name="test_partition_then_merge[33]" time="0.015" /><testcase classname="tests.test_distributed.TestNetworkPartition" name="test_partition_then_merge[100]" time="0.046" /><testcase classname="tests.test_distributed.TestClockSkew" name="test_skewed_clocks_merge_deterministically" time="0.002" /><testcase classname="tests.test_distributed.TestAdversarialInjection" name="test_poison_agent_does_not_break_merge" time="0.005" /><testcase classname="tests.test_distributed.TestAdversarialInjection" name="test_consensus_engine_handles_attack" time="0.005" /><testcase classname="tests.test_distributed.TestDistributedSummary" name="test_convergence_summary" time="0.000" /><testcase classname="tests.test_e20.TestE20" name="test_experiment_registered" time="0.000" /><testcase classname="tests.test_e20.TestE20" name="test_runs_without_error" time="0.016" /><testcase classname="tests.test_e20.TestE20" name="test_plausible_numbers" time="0.016" /><testcase classname="tests.test_event_storage.TestWarmIndexEventStorage" name="test_store_and_load_event_chain" time="0.005" /><testcase classname="tests.test_event_storage.TestWarmIndexEventStorage" name="test_history_returns_dicts" time="0.004" /><testcase classname="tests.test_event_storage.TestWarmIndexEventStorage" name="test_delete_removes_events" time="0.004" /><testcase classname="tests.test_event_storage.TestWarmIndexEventStorage" name="test_version_at_cutoff" time="0.004" /><testcase classname="tests.test_event_storage.TestWarmIndexEventStorage" name="test_load_event_chain_missing_concept" time="0.003" /><testcase classname="tests.test_event_storage.TestADLMemoryEventStorage" name="test_store_with_events_and_retrieve_chain" time="0.004" /><testcase classname="tests.test_event_storage.TestADLMemoryEventStorage" name="test_history_via_memory" time="0.004" /><testcase classname="tests.test_event_storage.TestADLMemoryEventStorage" name="test_version_at_via_memory" time="0.004" /><testcase classname="tests.test_event_storage.TestADLMemoryEventStorage" name="test_delete_cleans_events" time="0.004" /><testcase classname="tests.test_event_storage.TestADLMemoryEventStorage" name="test_multiple_events_integrity" time="0.004" /><testcase classname="tests.test_experiments.TestScriptedHarness" name="test_run_produces_events" time="0.012" /><testcase classname="tests.test_experiments.TestScriptedHarness" name="test_harness_roles_present" time="0.011" /><testcase classname="tests.test_experiments.TestScriptedHarness" name="test_harness_strict_ontology_logs_predicate_failures" time="0.002" /><testcase classname="tests.test_experiments.TestExperimentRegistry" name="test_all_experiments_registered" time="0.000" /><testcase classname="tests.test_experiments.TestExperimentRegistry" name="test_instantiate_runs" time="0.291" /><testcase classname="tests.test_fde_agent_runner.TestParseStructuredOutput" name="test_json_code_block_extraction" time="0.000" /><testcase classname="tests.test_fde_agent_runner.TestParseStructuredOutput" name="test_plain_json_code_block" time="0.000" /><testcase classname="tests.test_fde_agent_runner.TestParseStructuredOutput" name="test_direct_json_parse" time="0.000" /><testcase classname="tests.test_fde_agent_runner.TestParseStructuredOutput" name="test_invalid_json_code_block_falls_back" time="0.000" /><testcase classname="tests.test_fde_agent_runner.TestParseStructuredOutput" name="test_invalid_direct_json_falls_back" time="0.000" /><testcase classname="tests.test_fde_agent_runner.TestParseStructuredOutput" name="test_empty_string" time="0.000" /><testcase classname="tests.test_fde_agent_runner.TestParseStructuredOutput" name="test_json_with_nested_objects" time="0.000" /><testcase classname="tests.test_fde_agent_runner.TestParseStructuredOutput" name="test_multiline_json_in_code_block" time="0.000" /><testcase classname="tests.test_fde_agent_runner.TestFallbackMode" name="test_data_importer_agent_type" time="0.000" /><testcase classname="tests.test_fde_agent_runner.TestFallbackMode" name="test_data_transformer_agent_type" time="0.000" /><testcase classname="tests.test_fde_agent_runner.TestFallbackMode" name="test_report_generator_agent_type" time="0.000" /><testcase classname="tests.test_fde_agent_runner.TestFallbackMode" name="test_custom_agent_type" time="0.000" /><testcase classname="tests.test_fde_agent_runner.TestFallbackMode" name="test_fallback_wraps_non_list_input" time="0.000" /><testcase classname="tests.test_fde_agent_runner.TestFallbackMode" name="test_report_generator_with_anomaly_rules" time="0.000" /><testcase classname="tests.test_fde_agent_runner.TestLLMMode" name="test_llm_mode_success_without_schema" time="0.002" /><testcase classname="tests.test_fde_agent_runner.TestLLMMode" name="test_llm_mode_success_with_schema" time="0.001" /><testcase classname="tests.test_fde_agent_runner.TestLLMMode" name="test_llm_mode_falls_back_on_exception" time="0.001" /><testcase classname="tests.test_fde_agent_runner.TestLLMMode" name="test_llm_mode_string_input_data" time="0.001" /><testcase classname="tests.test_fde_agent_runner.TestLLMMode" name="test_llm_mode_dict_input_data" time="0.001" /><testcase classname="tests.test_fde_agent_runner.TestLLMMode" name="test_llm_mode_custom_system_prompt" time="0.001" /><testcase classname="tests.test_fde_agent_runner.TestLLMMode" name="test_llm_mode_default_system_prompt" time="0.001" /><testcase classname="tests.test_fde_agent_runner.TestLLMMode" name="test_llm_mode_reasoning_content_passed" time="0.001" /><testcase classname="tests.test_fde_agent_runner.TestRunAgent" name="test_run_agent_fallback_when_no_llm" time="0.000" /><testcase classname="tests.test_fde_agent_runner.TestRunAgent" name="test_run_agent_fallback_when_use_llm_false" time="0.001" /><testcase classname="tests.test_fde_agent_runner.TestRunAgent" name="test_run_agent_llm_mode_when_enabled" time="0.001" /><testcase classname="tests.test_fde_importers.TestCSVImporter" name="test_basic_csv_with_header" time="0.001" /><testcase classname="tests.test_fde_importers.TestCSVImporter" name="test_csv_without_header" time="0.001" /><testcase classname="tests.test_fde_importers.TestCSVImporter" name="test_csv_max_rows" time="0.001" /><testcase classname="tests.test_fde_importers.TestCSVImporter" name="test_csv_custom_delimiter" time="0.001" /><testcase classname="tests.test_fde_importers.TestCSVImporter" name="test_empty_csv_file" time="0.001" /><testcase classname="tests.test_fde_importers.TestCSVImporter" name="test_csv_only_header_no_data" time="0.001" /><testcase classname="tests.test_fde_importers.TestCSVImporter" name="test_csv_with_short_rows" time="0.001" /><testcase classname="tests.test_fde_importers.TestCSVImporter" name="test_csv_column_type_inference" time="0.001" /><testcase classname="tests.test_fde_importers.TestCSVImporter" name="test_csv_latin1_fallback" time="0.001" /><testcase classname="tests.test_fde_importers.TestCSVImporter" name="test_csv_default_options" time="0.001" /><testcase classname="tests.test_fde_importers.TestExcelImporter" name="test_excel_import_requires_openpyxl" time="0.001" /><testcase classname="tests.test_fde_importers.TestExcelImporter" name="test_excel_import_with_mock_workbook" time="0.001" /><testcase classname="tests.test_fde_importers.TestExcelImporter" name="test_excel_sheet_not_found" time="0.001" /><testcase classname="tests.test_fde_importers.TestExcelImporter" name="test_excel_empty_sheet" time="0.001" /><testcase classname="tests.test_fde_importers.TestExcelImporter" name="test_excel_without_header" time="0.001" /><testcase classname="tests.test_fde_importers.TestExcelImporter" name="test_excel_max_rows" time="0.001" /><testcase classname="tests.test_fde_importers.TestAPIImporter" name="test_api_import_requires_httpx" time="0.000" /><testcase classname="tests.test_fde_importers.TestAPIImporter" name="test_api_import_success_with_mock" time="0.001" /><testcase classname="tests.test_fde_importers.TestAPIImporter" name="test_api_import_with_extract_path" time="0.001" /><testcase classname="tests.test_fde_importers.TestAPIImporter" name="test_api_import_non_json_response" time="0.001" /><testcase classname="tests.test_fde_importers.TestAPIImporter" name="test_api_import_post_with_body" time="0.001" /><testcase classname="tests.test_fde_importers.TestAPIImporter" name="test_api_import_post_with_string_body" time="0.001" /><testcase classname="tests.test_fde_importers.TestAPIImporter" name="test_api_import_default_options" time="0.001" /><testcase classname="tests.test_fde_importers.TestAPIImporter" name="test_api_import_custom_headers" time="0.001" /><testcase classname="tests.test_fde_pipeline_engine.TestValidatePipeline" name="test_valid_simple_pipeline" time="0.000" /><testcase classname="tests.test_fde_pipeline_engine.TestValidatePipeline" name="test_empty_nodes_error" time="0.000" /><testcase classname="tests.test_fde_pipeline_engine.TestValidatePipeline" name="test_duplicate_node_ids" time="0.000" /><testcase classname="tests.test_fde_pipeline_engine.TestValidatePipeline" name="test_invalid_node_type" time="0.000" /><testcase classname="tests.test_fde_pipeline_engine.TestValidatePipeline" name="test_edge_unknown_source" time="0.000" /><testcase classname="tests.test_fde_pipeline_engine.TestValidatePipeline" name="test_edge_unknown_target" time="0.000" /><testcase classname="tests.test_fde_pipeline_engine.TestValidatePipeline" name="test_cycle_detected" time="0.000" /><testcase classname="tests.test_fde_pipeline_engine.TestValidatePipeline" name="test_no_cycle_in_linear_pipeline" time="0.000" /><testcase classname="tests.test_fde_pipeline_engine.TestValidatePipeline" name="test_all_valid_node_types" time="0.000" /><testcase classname="tests.test_fde_pipeline_engine.TestExecutePipeline" name="test_empty_pipeline" time="0.000" /><testcase classname="tests.test_fde_pipeline_engine.TestExecutePipeline" name="test_single_export_node" time="0.000" /><testcase classname="tests.test_fde_pipeline_engine.TestExecutePipeline" name="test_linear_pipeline_two_nodes" time="0.000" /><testcase classname="tests.test_fde_pipeline_engine.TestExecutePipeline" name="test_parallel_nodes" time="0.000" /><testcase classname="tests.test_fde_pipeline_engine.TestExecutePipeline" name="test_cycle_in_pipeline" time="0.000" /><testcase classname="tests.test_fde_pipeline_engine.TestExecutePipeline" name="test_error_stops_execution" time="0.000" /><testcase classname="tests.test_fde_pipeline_engine.TestExecutePipeline" name="test_context_passed_between_nodes" time="0.000" /><testcase classname="tests.test_fde_pipeline_engine.TestExecutePipeline" name="test_diamond_dependency" time="0.000" /><testcase classname="tests.test_fde_pipeline_engine.TestExecuteNode" name="test_export_node" time="0.000" /><testcase classname="tests.test_fde_pipeline_engine.TestExecuteNode" name="test_export_node_with_list_data" time="0.000" /><testcase classname="tests.test_fde_pipeline_engine.TestExecuteNode" name="test_export_node_default_format" time="0.000" /><testcase classname="tests.test_fde_pipeline_engine.TestExecuteNode" name="test_unknown_node_type_raises" time="0.000" /><testcase classname="tests.test_fde_pipeline_engine.TestExecuteNode" name="test_data_import_csv" time="0.001" /><testcase classname="tests.test_fde_pipeline_engine.TestExecuteNode" name="test_data_import_unsupported_source" time="0.000" /><testcase classname="tests.test_fde_pipeline_engine.TestExecuteNode" name="test_transform_with_field_mapping" time="0.000" /><testcase classname="tests.test_fde_pipeline_engine.TestExecuteNode" name="test_transform_with_type_map" time="0.000" /><testcase classname="tests.test_fde_pipeline_engine.TestExecuteNode" name="test_transform_no_previous_data" time="0.000" /><testcase classname="tests.test_fde_rule_engine.TestInferColumnType" name="test_empty_list_returns_string" time="0.000" /><testcase classname="tests.test_fde_rule_engine.TestInferColumnType" name="test_all_none_returns_string" time="0.000" /><testcase classname="tests.test_fde_rule_engine.TestInferColumnType" name="test_all_empty_strings_returns_string" time="0.000" /><testcase classname="tests.test_fde_rule_engine.TestInferColumnType" name="test_integer_column" time="0.000" /><testcase classname="tests.test_fde_rule_engine.TestInferColumnType" name="test_integer_as_strings" time="0.000" /><testcase classname="tests.test_fde_rule_engine.TestInferColumnType" name="test_float_column" time="0.000" /><testcase classname="tests.test_fde_rule_engine.TestInferColumnType" name="test_mixed_int_float_column" time="0.000" /><testcase classname="tests.test_fde_rule_engine.TestInferColumnType" name="test_date_column_iso" time="0.000" /><testcase classname="tests.test_fde_rule_engine.TestInferColumnType" name="test_date_column_slash_format" time="0.000" /><testcase classname="tests.test_fde_rule_engine.TestInferColumnType" name="test_string_column" time="0.000" /><testcase classname="tests.test_fde_rule_engine.TestInferColumnType" name="test_mixed_mostly_string" time="0.000" /><testcase classname="tests.test_fde_rule_engine.TestInferColumnType" name="test_large_sample_truncated_to_50" time="0.000" /><testcase classname="tests.test_fde_rule_engine.TestInferColumnType" name="test_none_values_skipped" time="0.000" /><testcase classname="tests.test_fde_rule_engine.TestClassifyData" name="test_empty_data" time="0.000" /><testcase classname="tests.test_fde_rule_engine.TestClassifyData" name="test_single_row" time="0.000" /><testcase classname="tests.test_fde_rule_engine.TestClassifyData" name="test_multiple_rows" time="0.000" /><testcase classname="tests.test_fde_rule_engine.TestClassifyData" name="test_column_info_contains_type" time="0.000" /><testcase classname="tests.test_fde_rule_engine.TestClassifyData" name="test_null_count_tracked" time="0.000" /><testcase classname="tests.test_fde_rule_engine.TestClassifyData" name="test_uneven_rows" time="0.000" /><testcase classname="tests.test_fde_rule_engine.TestDetectAnomalies" name="test_empty_data_returns_empty" time="0.000" /><testcase classname="tests.test_fde_rule_engine.TestDetectAnomalies" name="test_default_null_threshold_rule" time="0.000" /><testcase classname="tests.test_fde_rule_engine.TestDetectAnomalies" name="test_custom_null_threshold" time="0.000" /><testcase classname="tests.test_fde_rule_engine.TestDetectAnomalies" name="test_null_threshold_high_severity" time="0.000" /><testcase classname="tests.test_fde_rule_engine.TestDetectAnomalies" name="test_null_threshold_medium_severity" time="0.000" /><testcase classname="tests.test_fde_rule_engine.TestDetectAnomalies" name="test_outlier_std_detection" time="0.000" /><testcase classname="tests.test_fde_rule_engine.TestDetectAnomalies" name="test_outlier_std_no_numeric_values" time="0.000" /><testcase classname="tests.test_fde_rule_engine.TestDetectAnomalies" name="test_outlier_std_zero_std_returns_empty" time="0.000" /><testcase classname="tests.test_fde_rule_engine.TestDetectAnomalies" name="test_outlier_column_not_found" time="0.000" /><testcase classname="tests.test_fde_rule_engine.TestDetectAnomalies" name="test_null_threshold_specific_columns" time="0.000" /><testcase classname="tests.test_fde_rule_engine.TestDetectAnomalies" name="test_unknown_rule_type_ignored" time="0.000" /><testcase classname="tests.test_fde_rule_engine.TestTransformData" name="test_empty_data" time="0.000" /><testcase classname="tests.test_fde_rule_engine.TestTransformData" name="test_no_transformations" time="0.000" /><testcase classname="tests.test_fde_rule_engine.TestTransformData" name="test_rename_field" time="0.000" /><testcase classname="tests.test_fde_rule_engine.TestTransformData" name="test_drop_field" time="0.000" /><testcase classname="tests.test_fde_rule_engine.TestTransformData" name="test_default_value_for_nulls" time="0.000" /><testcase classname="tests.test_fde_rule_engine.TestTransformData" name="test_trim_whitespace" time="0.000" /><testcase classname="tests.test_fde_rule_engine.TestTransformData" name="test_trim_non_string_ignored" time="0.000" /><testcase classname="tests.test_fde_rule_engine.TestTransformData" name="test_multiple_transformations_applied_in_order" time="0.000" /><testcase classname="tests.test_fde_rule_engine.TestTransformData" name="test_rename_field_not_present" time="0.000" /><testcase classname="tests.test_fde_rule_engine.TestTransformData" name="test_drop_field_not_present" time="0.000" /><testcase classname="tests.test_fde_rule_engine.TestTransformData" name="test_unknown_transform_type_ignored" time="0.000" /><testcase classname="tests.test_fde_rule_engine.TestTransformData" name="test_original_data_not_mutated" time="0.000" /><testcase classname="tests.test_fde_transformers.TestMapFields" name="test_basic_rename" time="0.000" /><testcase classname="tests.test_fde_transformers.TestMapFields" name="test_multiple_fields_renamed" time="0.000" /><testcase classname="tests.test_fde_transformers.TestMapFields" name="test_empty_data" time="0.000" /><testcase classname="tests.test_fde_transformers.TestMapFields" name="test_empty_mapping" time="0.000" /><testcase classname="tests.test_fde_transformers.TestMapFields" name="test_none_mapping" time="0.000" /><testcase classname="tests.test_fde_transformers.TestMapFields" name="test_field_not_in_data" time="0.000" /><testcase classname="tests.test_fde_transformers.TestMapFields" name="test_multiple_rows" time="0.000" /><testcase classname="tests.test_fde_transformers.TestMapFields" name="test_original_data_not_mutated" time="0.000" /><testcase classname="tests.test_fde_transformers.TestCastTypes" name="test_cast_to_int" time="0.000" /><testcase classname="tests.test_fde_transformers.TestCastTypes" name="test_cast_to_integer" time="0.000" /><testcase classname="tests.test_fde_transformers.TestCastTypes" name="test_cast_to_float" time="0.000" /><testcase classname="tests.test_fde_transformers.TestCastTypes" name="test_cast_to_number" time="0.000" /><testcase classname="tests.test_fde_transformers.TestCastTypes" name="test_cast_to_str" time="0.000" /><testcase classname="tests.test_fde_transformers.TestCastTypes" name="test_cast_to_string" time="0.000" /><testcase classname="tests.test_fde_transformers.TestCastTypes" name="test_cast_to_bool_from_string_true" time="0.000" /><testcase classname="tests.test_fde_transformers.TestCastTypes" name="test_cast_to_bool_from_string_false" time="0.000" /><testcase classname="tests.test_fde_transformers.TestCastTypes" name="test_cast_to_bool_from_bool" time="0.000" /><testcase classname="tests.test_fde_transformers.TestCastTypes" name="test_cast_to_bool_from_int" time="0.000" /><testcase classname="tests.test_fde_transformers.TestCastTypes" name="test_cast_to_date_iso_format" time="0.002" /><testcase classname="tests.test_fde_transformers.TestCastTypes" name="test_cast_to_date_slash_format" time="0.000" /><testcase classname="tests.test_fde_transformers.TestCastTypes" name="test_cast_to_date_us_format" time="0.000" /><testcase classname="tests.test_fde_transformers.TestCastTypes" name="test_cast_to_date_from_datetime" time="0.000" /><testcase classname="tests.test_fde_transformers.TestCastTypes" name="test_cast_int_from_float_string" time="0.000" /><testcase classname="tests.test_fde_transformers.TestCastTypes" name="test_cast_handles_none_values" time="0.000" /><testcase classname="tests.test_fde_transformers.TestCastTypes" name="test_cast_handles_empty_string" time="0.000" /><testcase classname="tests.test_fde_transformers.TestCastTypes" name="test_cast_failure_keeps_original" time="0.000" /><testcase classname="tests.test_fde_transformers.TestCastTypes" name="test_cast_field_not_in_data" time="0.000" /><testcase classname="tests.test_fde_transformers.TestCastTypes" name="test_cast_multiple_fields" time="0.000" /><testcase classname="tests.test_fde_transformers.TestCastTypes" name="test_cast_empty_data" time="0.000" /><testcase classname="tests.test_fde_transformers.TestCastTypes" name="test_cast_empty_type_map" time="0.000" /><testcase classname="tests.test_fde_transformers.TestCastTypes" name="test_cast_date_invalid_format_keeps_original" time="0.000" /><testcase classname="tests.test_fde_transformers.TestCastTypes" name="test_cast_str_none_to_none" time="0.000" /><testcase classname="tests.test_fork_sensitivity" name="test_threshold_sweep" time="0.002" /><testcase classname="tests.test_git_signature" name="test_verify_event_not_found" time="0.001" /><testcase classname="tests.test_git_signature" name="test_verify_event_no_key" time="0.016" /><testcase classname="tests.test_git_signature" name="test_verify_event_revoked" time="0.002" /><testcase classname="tests.test_git_signature" name="test_verify_event_success" time="0.002" /><testcase classname="tests.test_git_signature" name="test_verify_all_events_in_chain" time="0.002" /><testcase classname="tests.test_golden_parser" name="test_capital_reflux_trap_golden" time="0.002" /><testcase classname="tests.test_invalid_chains.TestInvalidHash" name="test_invalid_hash_detected" time="0.000" /><testcase classname="tests.test_invalid_chains.TestMissingPrevious" name="test_missing_previous_detected" time="0.000" /><testcase classname="tests.test_invalid_chains.TestWrongActor" name="test_wrong_actor_rejected_by_precondition" time="0.013" /><testcase classname="tests.test_invalid_chains.TestUnauthorizedValidate" name="test_validate_without_register_rejected" time="0.000" /><testcase classname="tests.test_invalid_chains.TestDuplicateEvent" name="test_duplicate_event_id_detected" time="0.000" /><testcase classname="tests.test_invalid_chains.TestNegativeConfidence" name="test_negative_confidence_rejected" time="0.000" /><testcase classname="tests.test_invalid_chains.TestNegativeConfidence" name="test_confidence_above_one_rejected" time="0.000" /><testcase classname="tests.test_invalid_chains.TestInvalidStatusTransition" name="test_provisional_to_archived_invalid" time="0.000" /><testcase classname="tests.test_invalid_chains.TestScopeViolation" name="test_scope_violation_detected" time="0.000" /><testcase classname="tests.test_invalid_chains.TestExpiredSeal" name="test_expired_seal_detected" time="0.000" /><testcase classname="tests.test_invalid_chains.TestForkCycle" name="test_fork_cycle_prevented" time="0.000" /><testcase classname="tests.test_key_registry.TestKeyRegistry" name="test_register_and_verify_signature" time="0.001" /><testcase classname="tests.test_key_registry.TestKeyRegistry" name="test_revoke_and_verify_fails" time="0.001" /><testcase classname="tests.test_key_registry.TestKeyRegistry" name="test_unknown_actor_verify_fails" time="0.001" /><testcase classname="tests.test_key_registry.TestKeyRegistry" name="test_revoke_unknown_actor_raises" time="0.001" /><testcase classname="tests.test_key_registry.TestKeyRegistry" name="test_get_public_key_roundtrip" time="0.001" /><testcase classname="tests.test_key_registry.TestTransparencyAnchor" name="test_anchor_is_deterministic" time="0.001" /><testcase classname="tests.test_key_registry.TestTransparencyAnchor" name="test_verify_anchor_passes" time="0.001" /><testcase classname="tests.test_key_registry.TestTransparencyAnchor" name="test_verify_anchor_fails_when_modified" time="0.001" /><testcase classname="tests.test_key_registry.TestTransparencyAnchor" name="test_verify_anchor_fails_when_missing" time="0.001" /><testcase classname="tests.test_key_registry.TestGitSignatureVerifier" name="test_verify_commit_with_missing_key" time="0.009" /><testcase classname="tests.test_key_registry.TestGitSignatureVerifier" name="test_verify_commit_with_registered_key_no_git" time="0.009" /><testcase classname="tests.test_l2_template.TestL2TemplateModel" name="test_create_valid" time="0.000" /><testcase classname="tests.test_l2_template.TestL2TemplateModel" name="test_create_invalid_missing_field" time="0.000" /><testcase classname="tests.test_l2_template.TestL2TemplateModel" name="test_from_markdown_full" time="0.000" /><testcase classname="tests.test_l2_template.TestL2TemplateModel" name="test_from_markdown_empty" time="0.000" /><testcase classname="tests.test_l2_template.TestParseSections" name="test_basic_extraction" time="0.000" /><testcase classname="tests.test_l2_template.TestParseSections" name="test_multi_level_headers" time="0.000" /><testcase classname="tests.test_l2_template.TestParseSections" name="test_case_insensitive" time="0.000" /><testcase classname="tests.test_l2_template.TestParseSections" name="test_empty_section_omitted" time="0.000" /><testcase classname="tests.test_l2_template.TestParseSections" name="test_extra_text_ignored" time="0.000" /><testcase classname="tests.test_l2_template.TestParseSections" name="test_reordered_sections" time="0.000" /><testcase classname="tests.test_l2_template.TestParseSections" name="test_no_sections" time="0.000" /><testcase classname="tests.test_l2_template.TestL2TemplateValidator" name="test_valid_body" time="0.000" /><testcase classname="tests.test_l2_template.TestL2TemplateValidator" name="test_missing_section_strict" time="0.000" /><testcase classname="tests.test_l2_template.TestL2TemplateValidator" name="test_missing_section_relaxed" time="0.000" /><testcase classname="tests.test_l2_template.TestL2TemplateValidator" name="test_multiple_missing_sections_strict" time="0.000" /><testcase classname="tests.test_l2_template.TestL2TemplateValidator" name="test_empty_section_strict" time="0.000" /><testcase classname="tests.test_l2_template.TestL2TemplateValidator" name="test_empty_section_relaxed" time="0.000" /><testcase classname="tests.test_l2_template.TestL2TemplateValidator" name="test_valid_body_relaxed" time="0.000" /><testcase classname="tests.test_l2_template.TestL2TemplateValidator" name="test_parse_sections_public_api" time="0.000" /><testcase classname="tests.test_l2_template.TestReactToL2Template" name="test_full_mapping" time="0.000" /><testcase classname="tests.test_l2_template.TestReactToL2Template" name="test_fallback_action" time="0.000" /><testcase classname="tests.test_l2_template.TestReactToL2Template" name="test_fallback_answer" time="0.000" /><testcase classname="tests.test_l2_template.TestReactToL2Template" name="test_conclusion_priority_over_action" time="0.000" /><testcase classname="tests.test_l2_template.TestReactToL2Template" name="test_empty_dict" time="0.000" /><testcase classname="tests.test_l2_template.TestReactToL2Template" name="test_partial_dict" time="0.000" /><testcase classname="tests.test_l2_template.TestADLTemplateError" name="test_is_adl_error" time="0.000" /><testcase classname="tests.test_l2_template.TestADLTemplateError" name="test_raise_and_catch" time="0.000" /><testcase classname="tests.test_ld_proof.TestLDProof" name="test_sign_verify_roundtrip" time="0.001" /><testcase classname="tests.test_ld_proof.TestLDProof" name="test_tampered_event_fails_verification" time="0.001" /><testcase classname="tests.test_ld_proof.TestLDProof" name="test_tampered_timestamp_fails_verification" time="0.001" /><testcase classname="tests.test_ld_proof.TestLDProof" name="test_auto_reconstruct_public_key" time="0.001" /><testcase classname="tests.test_ld_proof.TestLDProof" name="test_missing_proof_returns_false" time="0.000" /><testcase classname="tests.test_memory.TestHotIndex" name="test_put_get_remove" time="0.000" /><testcase classname="tests.test_memory.TestHotIndex" name="test_keys_and_len" time="0.000" /><testcase classname="tests.test_memory.TestHotIndex" name="test_filter_by_status" time="0.000" /><testcase classname="tests.test_memory.TestHotIndex" name="test_filter_by_domain" time="0.000" /><testcase classname="tests.test_memory.TestHotIndex" name="test_filter_by_scope_prefix" time="0.000" /><testcase classname="tests.test_memory.TestHotIndex" name="test_clear" time="0.000" /><testcase classname="tests.test_memory.TestWarmIndex" name="test_insert_and_get_document" time="0.004" /><testcase classname="tests.test_memory.TestWarmIndex" name="test_delete_document" time="0.004" /><testcase classname="tests.test_memory.TestWarmIndex" name="test_cascade_filter" time="0.003" /><testcase classname="tests.test_memory.TestWarmIndex" name="test_get_related_sql_bfs" time="0.004" /><testcase classname="tests.test_memory.TestWarmIndex" name="test_close" time="0.003" /><testcase classname="tests.test_memory.TestADLMemory" name="test_store_retrieve_delete" time="0.004" /><testcase classname="tests.test_memory.TestADLMemory" name="test_find_related" time="0.004" /><testcase classname="tests.test_memory.TestADLMemory" name="test_prefilter" time="0.003" /><testcase classname="tests.test_memory.TestADLMemory" name="test_tenant_id_attachment" time="0.003" /><testcase classname="tests.test_memory.TestADLMemory" name="test_multiple_stores" time="0.007" /><testcase classname="tests.test_memory_vector.TestADLMemorySemanticSearch" name="test_semantic_search_without_vector_index" time="0.003" /><testcase classname="tests.test_memory_vector.TestADLMemorySemanticSearch" name="test_semantic_search_ranks_related" time="0.008" /><testcase classname="tests.test_memory_vector.TestADLMemorySemanticSearch" name="test_semantic_search_prefilter" time="0.006" /><testcase classname="tests.test_merkle" name="test_merkle_root_single_leaf" time="0.000" /><testcase classname="tests.test_merkle" name="test_merkle_root_multiple_leaves" time="0.000" /><testcase classname="tests.test_merkle" name="test_inclusion_proof_valid" time="0.000" /><testcase classname="tests.test_merkle" name="test_inclusion_proof_tampered_leaf_fails" time="0.000" /><testcase classname="tests.test_merkle" name="test_inclusion_proof_tampered_sibling_fails" time="0.000" /><testcase classname="tests.test_merkle" name="test_merkle_tree_requires_leaves" time="0.000" /><testcase classname="tests.test_merkle" name="test_proof_index_out_of_range" time="0.000" /><testcase classname="tests.test_merkle" name="test_serialize_roundtrip" time="0.000" /><testcase classname="tests.test_merkle" name="test_compute_chain_merkle_root" time="0.000" /><testcase classname="tests.test_merkle" name="test_from_dict_rejects_tampered_root" time="0.000" /><testcase classname="tests.test_multi_actor_disagreement.TestMultiActorDisagreement" name="test_gamma_and_status[events0-0.0-provisional]" time="0.001" /><testcase classname="tests.test_multi_actor_disagreement.TestMultiActorDisagreement" name="test_gamma_and_status[events1-0.9-validated]" time="0.000" /><testcase classname="tests.test_multi_actor_disagreement.TestMultiActorDisagreement" name="test_gamma_and_status[events2-0.65-validated]" time="0.000" /><testcase classname="tests.test_multi_actor_disagreement.TestMultiActorDisagreement" name="test_gamma_and_status[events3-0.65-deprecated]" time="0.001" /><testcase classname="tests.test_multi_actor_disagreement.TestMultiActorDisagreement" name="test_gamma_and_status[events4-0.95-validated]" time="0.000" /><testcase classname="tests.test_multi_actor_disagreement.TestMultiActorDisagreement" name="test_gamma_and_status[events5-1.0-validated]" time="0.000" /><testcase classname="tests.test_multi_actor_disagreement.TestMultiActorDisagreement" name="test_gamma_and_status[events6-0.9-validated]" time="0.000" /><testcase classname="tests.test_multi_actor_disagreement.TestMultiActorDisagreement" name="test_gamma_and_status[events7-0.5-validated]" time="0.000" /><testcase c
[...]
ify" name="test_external_deletion_invalidates_cache" time="0.001" /><testcase classname="tests.test_scale_phase3.TestCompressedColdStorage" name="test_compressed_archive_roundtrip" time="0.010" /><testcase classname="tests.test_scale_phase3.TestCompressedColdStorage" name="test_verify_archive_compressed" time="0.002" /><testcase classname="tests.test_scale_phase3.TestCompressedColdStorage" name="test_compressed_smaller_than_jsonl" time="0.008" /><testcase classname="tests.test_scale_phase3.TestADLMemoryColdTier" name="test_auto_archive_and_retrieve_full_chain" time="0.007" /><testcase classname="tests.test_scale_phase3.TestScaleExperiments" name="test_e27_runs_with_small_target" time="0.148" /><testcase classname="tests.test_scale_phase3.TestScaleExperiments" name="test_e28_runs_with_small_target" time="0.026" /><testcase classname="tests.test_scope_access" name="test_scope_access_matrix[public-public-True]" time="0.000" /><testcase classname="tests.test_scope_access" name="test_scope_access_matrix[public-private/acme-True]" time="0.000" /><testcase classname="tests.test_scope_access" name="test_scope_access_matrix[public-user/alice-True]" time="0.000" /><testcase classname="tests.test_scope_access" name="test_scope_access_matrix[public/concepts/foo-private/acme-True]" time="0.000" /><testcase classname="tests.test_scope_access" name="test_scope_access_matrix[private/acme-private/acme-True]" time="0.000" /><testcase classname="tests.test_scope_access" name="test_scope_access_matrix[private/acme-private/other-False]" time="0.000" /><testcase classname="tests.test_scope_access" name="test_scope_access_matrix[private/acme-public-False]" time="0.000" /><testcase classname="tests.test_scope_access" name="test_scope_access_matrix[user/alice-user/alice-True]" time="0.000" /><testcase classname="tests.test_scope_access" name="test_scope_access_matrix[user/alice-user/bob-False]" time="0.000" /><testcase classname="tests.test_scope_access" name="test_scope_access_matrix[user/alice-private/acme-False]" time="0.000" /><testcase classname="tests.test_scope_access" name="test_scope_access_matrix[shared/team-alpha-shared/team-alpha-True]" time="0.000" /><testcase classname="tests.test_scope_access" name="test_scope_access_matrix[shared/team-alpha-shared/team-beta-False]" time="0.000" /><testcase classname="tests.test_scope_access" name="test_scope_access_matrix[shared/team-alpha-user/alice-False]" time="0.000" /><testcase classname="tests.test_shacl_validation.TestShaclValidation" name="test_valid_chain_conforms" time="0.023" /><testcase classname="tests.test_shacl_validation.TestShaclValidation" name="test_missing_timestamp_still_conforms" time="0.009" /><testcase classname="tests.test_shacl_validation.TestShaclValidation" name="test_malformed_event_hash_fails" time="0.009" /><testcase classname="tests.test_shacl_validation.TestRuntimeShaclValidation" name="test_valid_document_conforms" time="0.022" /><testcase classname="tests.test_shacl_validation.TestRuntimeShaclValidation" name="test_relation_confidence_out_of_range_fails" time="0.019" /><testcase classname="tests.test_shacl_validation.TestRuntimeShaclValidation" name="test_calibrate_event_missing_observed_accuracy_fails" time="0.017" /><testcase classname="tests.test_shacl_validation.TestRuntimeShaclValidation" name="test_calibrate_event_invalid_observed_accuracy_fails" time="0.017" /><testcase classname="tests.test_ssa_benchmark.TestSSAAmbiguityBenchmark" name="test_benchmark" time="0.001" /><testcase classname="tests.test_sync_manager.TestQueuedEffect" name="test_create" time="0.000" /><testcase classname="tests.test_sync_manager.TestQueuedEffect" name="test_explicit_timestamp" time="0.000" /><testcase classname="tests.test_sync_manager.TestSideEffectQueue" name="test_enqueue" time="0.000" /><testcase classname="tests.test_sync_manager.TestSideEffectQueue" name="test_enqueue_action" time="0.000" /><testcase classname="tests.test_sync_manager.TestSideEffectQueue" name="test_pending_zero_initially" time="0.000" /><testcase classname="tests.test_sync_manager.TestSideEffectQueue" name="test_queued_returns_copy" time="0.000" /><testcase classname="tests.test_sync_manager.TestSideEffectQueue" name="test_drain_with_executor_all_success" time="0.000" /><testcase classname="tests.test_sync_manager.TestSideEffectQueue" name="test_drain_with_executor_mixed" time="0.000" /><testcase classname="tests.test_sync_manager.TestSideEffectQueue" name="test_drain_no_executor_all_fail" time="0.000" /><testcase classname="tests.test_sync_manager.TestSideEffectQueue" name="test_clear" time="0.000" /><testcase classname="tests.test_sync_manager.TestSyncManager" name="test_merge_no_divergence" time="0.000" /><testcase classname="tests.test_sync_manager.TestSyncManager" name="test_merge_with_base_and_edges" time="0.000" /><testcase classname="tests.test_sync_manager.TestSyncManager" name="test_merge_deduplicates_by_event_id" time="0.000" /><testcase classname="tests.test_sync_manager.TestSyncManager" name="test_merge_sorted_by_timestamp" time="0.000" /><testcase classname="tests.test_sync_manager.TestSyncManager" name="test_diff_finds_new_events" time="0.000" /><testcase classname="tests.test_sync_manager.TestSyncManager" name="test_diff_empty" time="0.000" /><testcase classname="tests.test_sync_manager.TestSyncManager" name="test_push" time="0.001" /><testcase classname="tests.test_sync_manager.TestSyncManager" name="test_pull" time="0.000" /><testcase classname="tests.test_sync_manager.TestSyncManager" name="test_verify_both" time="0.000" /><testcase classname="tests.test_sync_manager.TestSyncManager" name="test_merge_empty_all" time="0.000" /><testcase classname="tests.test_sync_manager.TestEdgeNode" name="test_init_state" time="0.000" /><testcase classname="tests.test_sync_manager.TestEdgeNode" name="test_record_event_online" time="0.000" /><testcase classname="tests.test_sync_manager.TestEdgeNode" name="test_record_event_online_with_side_effects" time="0.000" /><testcase classname="tests.test_sync_manager.TestEdgeNode" name="test_record_event_default_actor" time="0.000" /><testcase classname="tests.test_sync_manager.TestEdgeNode" name="test_go_offline_queues_effects" time="0.000" /><testcase classname="tests.test_sync_manager.TestEdgeNode" name="test_go_online_without_center" time="0.000" /><testcase classname="tests.test_sync_manager.TestEdgeNode" name="test_go_online_with_center" time="0.000" /><testcase classname="tests.test_sync_manager.TestEdgeNode" name="test_try_effect_unknown" time="0.000" /><testcase classname="tests.test_theorem_t1.TestTheorem1Determinism" name="test_empty_lifecycle_is_provisional" time="0.000" /><testcase classname="tests.test_theorem_t1.TestTheorem1Determinism" name="test_register_as_last_lifecycle" time="0.000" /><testcase classname="tests.test_theorem_t1.TestTheorem1Determinism" name="test_validate_as_last_lifecycle" time="0.000" /><testcase classname="tests.test_theorem_t1.TestTheorem1Determinism" name="test_deprecate_after_validate" time="0.000" /><testcase classname="tests.test_theorem_t1.TestTheorem1Determinism" name="test_archive_as_last_lifecycle" time="0.000" /><testcase classname="tests.test_theorem_t1.TestTheorem1Determinism" name="test_communication_events_do_not_change_status" time="0.000" /><testcase classname="tests.test_theorem_t1.TestTheorem1Determinism" name="test_uniqueness_for_same_last_lifecycle" time="0.000" /><testcase classname="tests.test_theorem_t1.TestTheorem1Determinism" name="test_deprecate_after_validate_then_re_register" time="0.000" /><testcase classname="tests.test_theorem_t2.TestTheorem2ConfluenceUnderFork" name="test_fork_creates_forked_parent" time="0.000" /><testcase classname="tests.test_theorem_t2.TestTheorem2ConfluenceUnderFork" name="test_forked_child_is_provisional" time="0.000" /><testcase classname="tests.test_theorem_t2.TestTheorem2ConfluenceUnderFork" name="test_forked_child_has_independent_lifecycle" time="0.000" /><testcase classname="tests.test_theorem_t2.TestTheorem2ConfluenceUnderFork" name="test_forked_child_genesis_has_no_parent" time="0.000" /><testcase classname="tests.test_theorem_t2.TestTheorem2ConfluenceUnderFork" name="test_consensus_engine_fork_marks_parent_forked" time="0.002" /><testcase classname="tests.test_theorem_t2.TestTheorem2ConfluenceUnderFork" name="test_consensus_engine_fork_creates_provisional_child" time="0.001" /><testcase classname="tests.test_theorem_t2.TestTheorem2ConfluenceUnderFork" name="test_fork_is_last_lifecycle_in_parent" time="0.000" /><testcase classname="tests.test_theorem_t6.TestTheorem6StatusConfidenceConsistency" name="test_validated_chain_has_confidence_at_least_half" time="0.000" /><testcase classname="tests.test_theorem_t6.TestTheorem6StatusConfidenceConsistency" name="test_validated_chain_with_high_confidence" time="0.000" /><testcase classname="tests.test_theorem_t6.TestTheorem6StatusConfidenceConsistency" name="test_provisional_chain_has_zero_confidence" time="0.000" /><testcase classname="tests.test_theorem_t6.TestTheorem6StatusConfidenceConsistency" name="test_deprecated_chain_may_have_confidence" time="0.000" /><testcase classname="tests.test_theorem_t6.TestTheorem6StatusConfidenceConsistency" name="test_multiple_validates_confidence_is_last" time="0.000" /><testcase classname="tests.test_theorem_t6.TestTheorem6StatusConfidenceConsistency" name="test_validated_chain_with_communication_events" time="0.000" /><testcase classname="tests.test_theorem_t6.TestTheorem6StatusConfidenceConsistency" name="test_no_validate_below_half" time="0.000" /><testcase classname="tests.test_theorem_t6.TestTheorem6StatusConfidenceConsistency" name="test_archived_chain_after_validate" time="0.000" /><testcase classname="tests.test_theorems.TestTheorem4Boundedness" name="test_confidence_clamped_to_1" time="0.000" /><testcase classname="tests.test_theorems.TestTheorem4Boundedness" name="test_confidence_clamped_to_0" time="0.000" /><testcase classname="tests.test_theorems.TestTheorem4Boundedness" name="test_aggregated_confidence_bounded" time="0.000" /><testcase classname="tests.test_theorems.TestTheorem4Boundedness" name="test_no_validate_events_confidence_zero" time="0.000" /><testcase classname="tests.test_theorems.TestTheorem5Monotonicity" name="test_register_then_validate" time="0.000" /><testcase classname="tests.test_theorems.TestTheorem5Monotonicity" name="test_validate_then_deprecate" time="0.000" /><testcase classname="tests.test_theorems.TestTheorem5Monotonicity" name="test_validate_then_archive" time="0.000" /><testcase classname="tests.test_theorems.TestTheorem5Monotonicity" name="test_status_never_regresses" time="0.000" /><testcase classname="tests.test_theorems.TestTheorem7WellFormedness" name="test_axiom_1_genesis_anchoring" time="0.000" /><testcase classname="tests.test_theorems.TestTheorem7WellFormedness" name="test_axiom_2_shared_concept" time="0.000" /><testcase classname="tests.test_theorems.TestTheorem7WellFormedness" name="test_axiom_3_cryptographic_linkage" time="0.000" /><testcase classname="tests.test_theorems.TestTheorem7WellFormedness" name="test_axiom_4_hash_correctness" time="0.000" /><testcase classname="tests.test_theorems.TestTheorem7WellFormedness" name="test_axiom_5_distinct_event_ids" time="0.000" /><testcase classname="tests.test_theorems.TestTheorem7WellFormedness" name="test_axiom_6_non_empty_actor" time="0.000" /><testcase classname="tests.test_theorems.TestTheorem7WellFormedness" name="test_axiom_7_timestamp_monotonicity" time="0.000" /><testcase classname="tests.test_theorems.TestTheorem7WellFormedness" name="test_axiom_7_timestamp_not_monotonic_fails" time="0.000" /><testcase classname="tests.test_theorems.TestTheorem7WellFormedness" name="test_axiom_8_payload_schema" time="0.000" /><testcase classname="tests.test_theorems.TestTheorem7WellFormedness" name="test_axiom_9_action_preconditions" time="0.000" /><testcase classname="tests.test_theorems.TestTheorem7WellFormedness" name="test_axiom_10_hash_algorithm" time="0.000" /><testcase classname="tests.test_theorems.TestTheorem7WellFormedness" name="test_axiom_11_canonical_fields" time="0.000" /><testcase classname="tests.test_theorems.TestTheorem7WellFormedness" name="test_axiom_12_event_type_valid" time="0.000" /><testcase classname="tests.test_theorems.TestTheorem7WellFormedness" name="test_well_formedness_report" time="0.000" /><testcase classname="tests.test_theorems.TestTheorem7WellFormedness" name="test_integrity_violations" time="0.000" /><testcase classname="tests.test_theorems.TestTheorem8O1Complexity" name="test_status_o1_vs_chain_length" time="0.003" /><testcase classname="tests.test_theorems.TestTheorem8O1Complexity" name="test_confidence_o1_vs_chain_length" time="0.003" /><testcase classname="tests.test_theorems.TestTheorem8O1Complexity" name="test_aggregated_confidence_not_o1" time="0.001" /><testcase classname="tests.test_theorems.TestCanonVersion" name="test_canon_version_constant" time="0.000" /><testcase classname="tests.test_theorems.TestCanonVersion" name="test_hash_includes_canon_version" time="0.000" /><testcase classname="tests.test_theorems.TestTheorem9CRDTMerge" name="test_merge_commutative" time="0.000" /><testcase classname="tests.test_theorems.TestTheorem9CRDTMerge" name="test_merge_idempotent" time="0.000" /><testcase classname="tests.test_theorems.TestTheorem9CRDTMerge" name="test_merge_different_concept_ids_raises" time="0.000" /><testcase classname="tests.test_theorems.TestTheorem9CRDTMerge" name="test_merge_preserves_integrity" time="0.000" /><testcase classname="tests.test_theorems.TestTheorem9CRDTMerge" name="test_merge_union_events" time="0.000" /><testcase classname="tests.test_tools.TestAdlParse" name="test_parse_valid_file" time="0.002" /><testcase classname="tests.test_tools.TestAdlParse" name="test_returns_json_serializable" time="0.001" /><testcase classname="tests.test_tools.TestAdlParse" name="test_parse_nonexistent_file" time="0.000" /><testcase classname="tests.test_tools.TestAdlParse" name="test_path_as_string" time="0.001" /><testcase classname="tests.test_tools.TestAdlValidate" name="test_valid_file_ok" time="0.001" /><testcase classname="tests.test_tools.TestAdlValidate" name="test_nonexistent_file" time="0.000" /><testcase classname="tests.test_tools.TestAdlValidate" name="test_invalid_adl_file" time="0.001" /><testcase classname="tests.test_tools.TestAdlStore" name="test_store_to_memory_db" time="0.005" /><testcase classname="tests.test_tools.TestAdlStore" name="test_store_to_in_memory_db" time="0.002" /><testcase classname="tests.test_tools.TestAdlStore" name="test_store_nonexistent_file" time="0.000" /><testcase classname="tests.test_tools.TestAdlQueryRelated" name="test_query_empty_db" time="0.004" /><testcase classname="tests.test_tools.TestAdlQueryRelated" name="test_query_after_store" time="0.006" /><testcase classname="tests.test_tools.TestAdlQueryRelated" name="test_query_custom_depth" time="0.005" /><testcase classname="tests.test_tools.TestAdlConsensusRegister" name="test_register_by_path" time="0.004" /><testcase classname="tests.test_tools.TestAdlConsensusRegister" name="test_register_by_adl_id" time="0.001" /><testcase classname="tests.test_tools.TestAdlConsensusRegister" name="test_register_duplicate_idempotent" time="0.001" /><testcase classname="tests.test_tools.TestAdlConsensusRegister" name="test_register_needs_path_or_id" time="0.001" /><testcase classname="tests.test_tools.TestAdlConsensusRegister" name="test_register_default_state" time="0.001" /><testcase classname="tests.test_tools.TestAdlConsensusTransition" name="test_transition_valid" time="0.001" /><testcase classname="tests.test_tools.TestAdlConsensusTransition" name="test_transition_unregistered" time="0.001" /><testcase classname="tests.test_tools.TestAdlConsensusTransition" name="test_transition_with_discovery_status_enum" time="0.001" /><testcase classname="tests.test_tools.TestAdlConsensusVerify" name="test_verify_registered" time="0.001" /><testcase classname="tests.test_tools.TestAdlConsensusVerify" name="test_verify_unregistered" time="0.001" /><testcase classname="tests.test_tools.TestAdlOntologyQuery" name="test_query_default_ontology" time="0.000" /><testcase classname="tests.test_tools.TestAdlOntologyQuery" name="test_query_predicate_filter" time="0.000" /><testcase classname="tests.test_tools.TestAdlOntologyQuery" name="test_query_unknown_predicate" time="0.000" /><testcase classname="tests.test_tools.TestAdlOntologyQuery" name="test_query_transition_check" time="0.000" /><testcase classname="tests.test_tools.TestAdlOntologyQuery" name="test_query_invalid_transition" time="0.000" /><testcase classname="tests.test_tools_ontology.TestAdlOntologyQuery" name="test_returns_registry_fields" time="0.000" /><testcase classname="tests.test_tools_ontology.TestAdlOntologyQuery" name="test_matches_ontology_manager" time="0.013" /><testcase classname="tests.test_tools_ontology.TestAdlOntologyQuery" name="test_predicate_filter" time="0.000" /><testcase classname="tests.test_tools_ontology.TestAdlOntologyQuery" name="test_unknown_predicate_filter" time="0.000" /><testcase classname="tests.test_tools_ontology.TestAdlOntologyQuery" name="test_from_status_filter" time="0.000" /><testcase classname="tests.test_tools_ontology.TestAdlOntologyQuery" name="test_transition_check" time="0.000" /><testcase classname="tests.test_tools_ontology.TestAdlOntologyQuery" name="test_json_serializable" time="0.000" /><testcase classname="tests.test_tools_ontology.TestOntologyQueryCLI" name="test_query_text_output" time="0.194" /><testcase classname="tests.test_tools_ontology.TestOntologyQueryCLI" name="test_query_json_output" time="0.189" /><testcase classname="tests.test_tools_ontology.TestOntologyQueryCLI" name="test_query_predicate_filter" time="0.190" /><testcase classname="tests.test_validator.TestRelationGovernance" name="test_valid_relation_passes" time="0.000" /><testcase classname="tests.test_validator.TestRelationGovernance" name="test_archived_source_violates_invariant" time="0.000" /><testcase classname="tests.test_validator.TestRelationGovernance" name="test_dual_deprecated_violates_invariant" time="0.000" /><testcase classname="tests.test_validator.TestRelationGovernance" name="test_strict_requires_mapping_type_for_isomorphic" time="0.000" /><testcase classname="tests.test_validator.TestRelationGovernance" name="test_strict_allows_valid_mapping_type" time="0.000" /><testcase classname="tests.test_validator.TestRelationGovernance" name="test_strict_rejects_self_referential_transitive" time="0.000" /><testcase classname="tests.test_validator.TestRelationGovernance" name="test_status_resolver_for_external_targets" time="0.000" /><testcase classname="tests.test_validator.TestShaclOptIn" name="test_shacl_disabled_by_default" time="0.000" /><testcase classname="tests.test_validator.TestShaclOptIn" name="test_shacl_enabled_valid_doc" time="0.010" /><testcase classname="tests.test_validator.TestShaclOptIn" name="test_shacl_enabled_invalid_relation" time="0.016" /><testcase classname="tests.test_vector_index.TestVectorIndex" name="test_add_and_search" time="0.002" /><testcase classname="tests.test_vector_index.TestVectorIndex" name="test_search_threshold" time="0.001" /><testcase classname="tests.test_vector_index.TestVectorIndex" name="test_add_many" time="0.001" /><testcase classname="tests.test_vector_index.TestVectorIndex" name="test_delete" time="0.001" /><testcase classname="tests.test_vector_index.TestVectorIndex" name="test_update" time="0.001" /><testcase classname="tests.test_vector_index.TestVectorIndex" name="test_prefilter_ids" time="0.001" /><testcase classname="tests.test_vector_index.TestVectorIndex" name="test_save_and_load" time="0.004" /><testcase classname="tests.test_vector_index.TestVectorIndex" name="test_concurrent_add_and_search" time="0.008" /><testcase classname="tests.test_vector_index.TestVectorIndex" name="test_close" time="0.002" /></testsuite></testsuites>